<?xml version="1.0" encoding="UTF-8"?>
<testsuite name="RecipesApplicationTest" tests="1" skipped="0" failures="0" errors="0" timestamp="2023-02-14T21:21:00" hostname="EDCMXAPLT0640.local" time="105.055">
  <properties/>
  <testcase name="start" classname="RecipesApplicationTest" time="105.055"/>
  <system-out><![CDATA[?[1;31m
Start test 1?[0m
?[0;34m
?[0m?[0;34m  .   ____          _            __ _ _
?[0m?[0;34m /\\ / ___'_ __ _ _(_)_ __  __ _ \ \ \ \
?[0m?[0;34m( ( )\___ | '_ | '_| | '_ \/ _` | \ \ \ \
?[0m?[0;34m \\/  ___)| |_)| | | | | || (_| |  ) ) ) )
?[0m?[0;34m  '  |____| .__|_| |_|_| |_\__, | / / / /
?[0m?[0;34m =========|_|==============|___/=/_/_/_/
?[0m?[0;34m :: Spring Boot ::                (v2.5.6)
?[0m?[0;34m
?[0m?[0;34m2023-02-14 15:21:11.829  INFO 56839 --- [    Test worker] recipes.RecipesApplication               : Starting RecipesApplication using Java 17.0.6 on EDCMXAPLT0640.local with PID 56839 (started by reginaespinosa in /Users/reginaespinosa/Documents/GitHub/Recipes/Recipes/task)
?[0m?[0;34m2023-02-14 15:21:11.839  INFO 56839 --- [    Test worker] recipes.RecipesApplication               : No active profile set, falling back to default profiles: default
?[0m?[0;34m2023-02-14 15:21:17.762  INFO 56839 --- [    Test worker] .s.d.r.c.RepositoryConfigurationDelegate : Bootstrapping Spring Data JPA repositories in DEFAULT mode.
?[0m?[0;34m2023-02-14 15:21:18.009  INFO 56839 --- [    Test worker] .s.d.r.c.RepositoryConfigurationDelegate : Finished Spring Data repository scanning in 206 ms. Found 2 JPA repository interfaces.
?[0m?[0;34m2023-02-14 15:21:21.741  INFO 56839 --- [    Test worker] o.s.b.w.embedded.tomcat.TomcatWebServer  : Tomcat initialized with port(s): 8881 (http)
?[0m?[0;34m2023-02-14 15:21:21.832  INFO 56839 --- [    Test worker] o.apache.catalina.core.StandardService   : Starting service [Tomcat]
?[0m?[0;34m2023-02-14 15:21:21.840  INFO 56839 --- [    Test worker] org.apache.catalina.core.StandardEngine  : Starting Servlet engine: [Apache Tomcat/9.0.54]
?[0m?[0;34m2023-02-14 15:21:22.915  INFO 56839 --- [    Test worker] o.a.c.c.C.[Tomcat].[localhost].[/]       : Initializing Spring embedded WebApplicationContext
?[0m?[0;34m2023-02-14 15:21:22.916  INFO 56839 --- [    Test worker] w.s.c.ServletWebServerApplicationContext : Root WebApplicationContext: initialization completed in 10853 ms
?[0m?[0;34m2023-02-14 15:21:25.321  INFO 56839 --- [    Test worker] o.hibernate.jpa.internal.util.LogHelper  : HHH000204: Processing PersistenceUnitInfo [name: default]
?[0m?[0;34m2023-02-14 15:21:25.814  INFO 56839 --- [    Test worker] org.hibernate.Version                    : HHH000412: Hibernate ORM core version 5.4.20.Final
?[0m?[0;34m2023-02-14 15:21:27.191  INFO 56839 --- [    Test worker] o.hibernate.annotations.common.Version   : HCANN000001: Hibernate Commons Annotations {5.1.0.Final}
?[0m?[0;34m2023-02-14 15:21:27.867  INFO 56839 --- [    Test worker] com.zaxxer.hikari.HikariDataSource       : HikariPool-1 - Starting...
?[0m?[0;34m2023-02-14 15:21:28.630  INFO 56839 --- [    Test worker] com.zaxxer.hikari.HikariDataSource       : HikariPool-1 - Start completed.
?[0m?[0;34m2023-02-14 15:21:28.815  INFO 56839 --- [    Test worker] org.hibernate.dialect.Dialect            : HHH000400: Using dialect: org.hibernate.dialect.PostgreSQLDialect
?[0m?[0;34mHibernate: 
?[0m?[0;34m    
?[0m?[0;34m    create table recipe_directions (
?[0m?[0;34m       recipe_id int8 not null,
?[0m?[0;34m        directions varchar(255)
?[0m?[0;34m    )
?[0m?[0;34mHibernate: 
?[0m?[0;34m    
?[0m?[0;34m    create table recipe_ingredients (
?[0m?[0;34m       recipe_id int8 not null,
?[0m?[0;34m        ingredients varchar(255)
?[0m?[0;34m    )
?[0m?[0;34mHibernate: 
?[0m?[0;34m    
?[0m?[0;34m    create table recipes (
?[0m?[0;34m       id int8 not null,
?[0m?[0;34m        category varchar(255),
?[0m?[0;34m        date timestamp,
?[0m?[0;34m        description varchar(255),
?[0m?[0;34m        name varchar(255),
?[0m?[0;34m        user_person varchar(255),
?[0m?[0;34m        primary key (id)
?[0m?[0;34m    )
?[0m?[0;34mHibernate: 
?[0m?[0;34m    
?[0m?[0;34m    create table users (
?[0m?[0;34m       email varchar(255) not null,
?[0m?[0;34m        password varchar(255),
?[0m?[0;34m        role varchar(255),
?[0m?[0;34m        primary key (email)
?[0m?[0;34m    )
?[0m?[0;34mHibernate: 
?[0m?[0;34m    
?[0m?[0;34m    alter table recipe_directions 
?[0m?[0;34m       add constraint FKhvcukpdw0n8nnnwcdkw16v44s 
?[0m?[0;34m       foreign key (recipe_id) 
?[0m?[0;34m       references recipes
?[0m?[0;34mHibernate: 
?[0m?[0;34m    
?[0m?[0;34m    alter table recipe_ingredients 
?[0m?[0;34m       add constraint FKcqlw8sor5ut10xsuj3jnttkc 
?[0m?[0;34m       foreign key (recipe_id) 
?[0m?[0;34m       references recipes
?[0m?[0;34m2023-02-14 15:21:35.804  INFO 56839 --- [    Test worker] o.h.e.t.j.p.i.JtaPlatformInitiator       : HHH000490: Using JtaPlatform implementation: [org.hibernate.engine.transaction.jta.platform.internal.NoJtaPlatform]
?[0m?[0;34m2023-02-14 15:21:35.844  INFO 56839 --- [    Test worker] j.LocalContainerEntityManagerFactoryBean : Initialized JPA EntityManagerFactory for persistence unit 'default'
?[0m?[0;34m2023-02-14 15:21:40.784  WARN 56839 --- [    Test worker] JpaBaseConfiguration$JpaWebConfiguration : spring.jpa.open-in-view is enabled by default. Therefore, database queries may be performed during view rendering. Explicitly configure spring.jpa.open-in-view to disable this warning
?[0m?[0;34m2023-02-14 15:21:43.351  INFO 56839 --- [    Test worker] o.s.b.a.e.web.EndpointLinksResolver      : Exposing 14 endpoint(s) beneath base path '/actuator'
?[0m?[0;34m2023-02-14 15:21:43.719  INFO 56839 --- [    Test worker] o.s.s.web.DefaultSecurityFilterChain     : Will secure any request with [org.springframework.security.web.context.request.async.WebAsyncManagerIntegrationFilter@3e0600a4, org.springframework.security.web.context.SecurityContextPersistenceFilter@6c399d4, org.springframework.security.web.header.HeaderWriterFilter@b8c6406, org.springframework.security.web.authentication.logout.LogoutFilter@321558f8, org.springframework.security.web.authentication.www.BasicAuthenticationFilter@75b6bd41, org.springframework.security.web.savedrequest.RequestCacheAwareFilter@433362e0, org.springframework.security.web.servletapi.SecurityContextHolderAwareRequestFilter@53cb9b1, org.springframework.security.web.authentication.AnonymousAuthenticationFilter@341141ab, org.springframework.security.web.session.SessionManagementFilter@4def900a, org.springframework.security.web.access.ExceptionTranslationFilter@47f8374, org.springframework.security.web.access.intercept.FilterSecurityInterceptor@73476e2d]
?[0m?[0;34m2023-02-14 15:21:44.783  INFO 56839 --- [    Test worker] o.s.b.w.embedded.tomcat.TomcatWebServer  : Tomcat started on port(s): 8881 (http) with context path ''
?[0m?[0;34m2023-02-14 15:21:44.852  INFO 56839 --- [    Test worker] recipes.RecipesApplication               : Started RecipesApplication in 40.752 seconds (JVM running for 49.422)
?[0;34m2023-02-14 15:21:46.581  INFO 56839 --- [nio-8881-exec-1] o.a.c.c.C.[Tomcat].[localhost].[/]       : Initializing Spring DispatcherServlet 'dispatcherServlet'
?[0m?[0;34m2023-02-14 15:21:46.586  INFO 56839 --- [nio-8881-exec-1] o.s.web.servlet.DispatcherServlet        : Initializing Servlet 'dispatcherServlet'
?[0m?[0;34m2023-02-14 15:21:46.606  INFO 56839 --- [nio-8881-exec-1] o.s.web.servlet.DispatcherServlet        : Completed initialization in 11 ms
?[0m?[0;34mHibernate: 
?[0m?[0;34m    select
?[0m?[0;34m        user0_.email as col_0_0_ 
?[0m?[0;34m    from
?[0m?[0;34m        users user0_ 
?[0m?[0;34m    where
?[0m?[0;34m        user0_.email=? limit ?
?[0m?[0;34mHibernate: 
?[0m?[0;34m    select
?[0m?[0;34m        user0_.email as email1_3_0_,
?[0m?[0;34m        user0_.password as password2_3_0_,
?[0m?[0;34m        user0_.role as role3_3_0_ 
?[0m?[0;34m    from
?[0m?[0;34m        users user0_ 
?[0m?[0;34m    where
?[0m?[0;34m        user0_.email=?
?[0m?[0;34mHibernate: 
?[0m?[0;34m    insert 
?[0m?[0;34m    into
?[0m?[0;34m        users
?[0m?[0;34m        (password, role, email) 
?[0m?[0;34m    values
?[0m?[0;34m        (?, ?, ?)
?[0m?[1;31m
Start test 2?[0m
?[0;34mHibernate: 
?[0m?[0;34m    select
?[0m?[0;34m        user0_.email as col_0_0_ 
?[0m?[0;34m    from
?[0m?[0;34m        users user0_ 
?[0m?[0;34m    where
?[0m?[0;34m        user0_.email=? limit ?
?[1;31m
Start test 3?[0m
?[0;34mHibernate: 
?[0m?[0;34m    select
?[0m?[0;34m        user0_.email as col_0_0_ 
?[0m?[0;34m    from
?[0m?[0;34m        users user0_ 
?[0m?[0;34m    where
?[0m?[0;34m        user0_.email=? limit ?
?[0m?[0;34mHibernate: 
?[0m?[0;34m    select
?[0m?[0;34m        user0_.email as email1_3_0_,
?[0m?[0;34m        user0_.password as password2_3_0_,
?[0m?[0;34m        user0_.role as role3_3_0_ 
?[0m?[0;34m    from
?[0m?[0;34m        users user0_ 
?[0m?[0;34m    where
?[0m?[0;34m        user0_.email=?
?[0m?[0;34mHibernate: 
?[0m?[0;34m    insert 
?[0m?[0;34m    into
?[0m?[0;34m        users
?[0m?[0;34m        (password, role, email) 
?[0m?[0;34m    values
?[0m?[0;34m        (?, ?, ?)
?[1;31m
Start test 4?[0m
?[0;34mHibernate: 
?[0m?[0;34m    select
?[0m?[0;34m        user0_.email as col_0_0_ 
?[0m?[0;34m    from
?[0m?[0;34m        users user0_ 
?[0m?[0;34m    where
?[0m?[0;34m        user0_.email=? limit ?
?[0m?[0;34mHibernate: 
?[0m?[0;34m    select
?[0m?[0;34m        user0_.email as email1_3_0_,
?[0m?[0;34m        user0_.password as password2_3_0_,
?[0m?[0;34m        user0_.role as role3_3_0_ 
?[0m?[0;34m    from
?[0m?[0;34m        users user0_ 
?[0m?[0;34m    where
?[0m?[0;34m        user0_.email=?
?[0m?[0;34mHibernate: 
?[0m?[0;34m    insert 
?[0m?[0;34m    into
?[0m?[0;34m        users
?[0m?[0;34m        (password, role, email) 
?[0m?[0;34m    values
?[0m?[0;34m        (?, ?, ?)
?[1;31m
Start test 5?[0m
?[0;34m2023-02-14 15:21:49.965  WARN 56839 --- [nio-8881-exec-5] .w.s.m.s.DefaultHandlerExceptionResolver : Resolved [org.springframework.web.bind.MethodArgumentNotValidException: Validation failed for argument [0] in public void recipes.Security.SecurityController.registerUser(recipes.Security.User): [Field error in object 'user' on field 'email': rejected value [Test3@testcom]; codes [Pattern.user.email,Pattern.email,Pattern.java.lang.String,Pattern]; arguments [org.springframework.context.support.DefaultMessageSourceResolvable: codes [user.email,email]; arguments []; default message [email],[Ljavax.validation.constraints.Pattern$Flag;@52dfa089,.+@.+\..+]; default message [must match ".+@.+\..+"]] ]
?[1;31m
Start test 6?[0m
?[0;34m2023-02-14 15:21:50.025  WARN 56839 --- [nio-8881-exec-6] .w.s.m.s.DefaultHandlerExceptionResolver : Resolved [org.springframework.web.bind.MethodArgumentNotValidException: Validation failed for argument [0] in public void recipes.Security.SecurityController.registerUser(recipes.Security.User): [Field error in object 'user' on field 'email': rejected value [Test4test.com]; codes [Pattern.user.email,Pattern.email,Pattern.java.lang.String,Pattern]; arguments [org.springframework.context.support.DefaultMessageSourceResolvable: codes [user.email,email]; arguments []; default message [email],[Ljavax.validation.constraints.Pattern$Flag;@52dfa089,.+@.+\..+]; default message [must match ".+@.+\..+"]] ]
?[1;31m
Start test 7?[0m
?[0;34m2023-02-14 15:21:50.074  WARN 56839 --- [nio-8881-exec-7] .w.s.m.s.DefaultHandlerExceptionResolver : Resolved [org.springframework.web.bind.MethodArgumentNotValidException: Validation failed for argument [0] in public void recipes.Security.SecurityController.registerUser(recipes.Security.User): [Field error in object 'user' on field 'password': rejected value [Test555]; codes [Size.user.password,Size.password,Size.java.lang.String,Size]; arguments [org.springframework.context.support.DefaultMessageSourceResolvable: codes [user.password,password]; arguments []; default message [password],2147483647,8]; default message [size must be between 8 and 2147483647]] ]
?[1;31m
Start test 8?[0m
?[0;34m2023-02-14 15:21:50.110  WARN 56839 --- [nio-8881-exec-8] .w.s.m.s.DefaultHandlerExceptionResolver : Resolved [org.springframework.web.bind.MethodArgumentNotValidException: Validation failed for argument [0] in public void recipes.Security.SecurityController.registerUser(recipes.Security.User): [Field error in object 'user' on field 'password': rejected value [        ]; codes [NotBlank.user.password,NotBlank.password,NotBlank.java.lang.String,NotBlank]; arguments [org.springframework.context.support.DefaultMessageSourceResolvable: codes [user.password,password]; arguments []; default message [password]]; default message [must not be blank]] ]
?[1;31m
Start test 9?[0m
?[0;34mHibernate: 
?[0m?[0;34m    select
?[0m?[0;34m        user0_.email as email1_3_,
?[0m?[0;34m        user0_.password as password2_3_,
?[0m?[0;34m        user0_.role as role3_3_ 
?[0m?[0;34m    from
?[0m?[0;34m        users user0_ 
?[0m?[0;34m    where
?[0m?[0;34m        user0_.email=?
?[0m?[0;34mRecipe(id=null, name=Fresh Mint Tea /Test, description=Light, aromatic and refreshing beverage, ... /Test, ingredients=[boiled water, honey, fresh mint leaves /Test], directions=[Boil water, Pour boiling hot water into a mug, Add fresh mint leaves, Mix and let the mint leaves seep for 3-5 minutes, Add honey and mix again /Test], category=beverage /Test, date=null, userPerson=LoginTest2@test.com)
?[0m?[0;34mHibernate: 
?[0m?[0;34m    select
?[0m?[0;34m        nextval ('hibernate_sequence')
?[0m?[0;34mHibernate: 
?[0m?[0;34m    insert 
?[0m?[0;34m    into
?[0m?[0;34m        recipes
?[0m?[0;34m        (category, date, description, name, user_person, id) 
?[0m?[0;34m    values
?[0m?[0;34m        (?, ?, ?, ?, ?, ?)
?[0m?[0;34mHibernate: 
?[0m?[0;34m    insert 
?[0m?[0;34m    into
?[0m?[0;34m        recipe_directions
?[0m?[0;34m        (recipe_id, directions) 
?[0m?[0;34m    values
?[0m?[0;34m        (?, ?)
?[0m?[0;34mHibernate: 
?[0m?[0;34m    insert 
?[0m?[0;34m    into
?[0m?[0;34m        recipe_directions
?[0m?[0;34m        (recipe_id, directions) 
?[0m?[0;34m    values
?[0m?[0;34m        (?, ?)
?[0m?[0;34mHibernate: 
?[0m?[0;34m    insert 
?[0m?[0;34m    into
?[0m?[0;34m        recipe_directions
?[0m?[0;34m        (recipe_id, directions) 
?[0m?[0;34m    values
?[0m?[0;34m        (?, ?)
?[0m?[0;34mHibernate: 
?[0m?[0;34m    insert 
?[0m?[0;34m    into
?[0m?[0;34m        recipe_directions
?[0m?[0;34m        (recipe_id, directions) 
?[0m?[0;34m    values
?[0m?[0;34m        (?, ?)
?[0m?[0;34mHibernate: 
?[0m?[0;34m    insert 
?[0m?[0;34m    into
?[0m?[0;34m        recipe_directions
?[0m?[0;34m        (recipe_id, directions) 
?[0m?[0;34m    values
?[0m?[0;34m        (?, ?)
?[0m?[0;34mHibernate: 
?[0m?[0;34m    insert 
?[0m?[0;34m    into
?[0m?[0;34m        recipe_ingredients
?[0m?[0;34m        (recipe_id, ingredients) 
?[0m?[0;34m    values
?[0m?[0;34m        (?, ?)
?[0m?[0;34mHibernate: 
?[0m?[0;34m    insert 
?[0m?[0;34m    into
?[0m?[0;34m        recipe_ingredients
?[0m?[0;34m        (recipe_id, ingredients) 
?[0m?[0;34m    values
?[0m?[0;34m        (?, ?)
?[0m?[0;34mHibernate: 
?[0m?[0;34m    insert 
?[0m?[0;34m    into
?[0m?[0;34m        recipe_ingredients
?[0m?[0;34m        (recipe_id, ingredients) 
?[0m?[0;34m    values
?[0m?[0;34m        (?, ?)
?[1;31m
Start test 10?[0m
?[0;34mHibernate: 
?[0m?[0;34m    select
?[0m?[0;34m        user0_.email as email1_3_,
?[0m?[0;34m        user0_.password as password2_3_,
?[0m?[0;34m        user0_.role as role3_3_ 
?[0m?[0;34m    from
?[0m?[0;34m        users user0_ 
?[0m?[0;34m    where
?[0m?[0;34m        user0_.email=?
?[0m?[0;34mRecipe(id=null, name=Warming Ginger Tea /Test, description=Ginger tea is a warming drink for cool weather, ... /Test, ingredients=[1 inch ginger root, minced, 1/2 lemon, juiced, 1/2 teaspoon manuka honey /Test], directions=[Place all ingredients in a mug and fill with warm water (not too hot so you keep the beneficial honey compounds in tact), Steep for 5-10 minutes, Drink and enjoy /Test], category=beverage /Test, date=null, userPerson=LoginTest2@test.com)
?[0m?[0;34mHibernate: 
?[0m?[0;34m    select
?[0m?[0;34m        nextval ('hibernate_sequence')
?[0m?[0;34mHibernate: 
?[0m?[0;34m    insert 
?[0m?[0;34m    into
?[0m?[0;34m        recipes
?[0m?[0;34m        (category, date, description, name, user_person, id) 
?[0m?[0;34m    values
?[0m?[0;34m        (?, ?, ?, ?, ?, ?)
?[0m?[0;34mHibernate: 
?[0m?[0;34m    insert 
?[0m?[0;34m    into
?[0m?[0;34m        recipe_directions
?[0m?[0;34m        (recipe_id, directions) 
?[0m?[0;34m    values
?[0m?[0;34m        (?, ?)
?[0m?[0;34mHibernate: 
?[0m?[0;34m    insert 
?[0m?[0;34m    into
?[0m?[0;34m        recipe_directions
?[0m?[0;34m        (recipe_id, directions) 
?[0m?[0;34m    values
?[0m?[0;34m        (?, ?)
?[0m?[0;34mHibernate: 
?[0m?[0;34m    insert 
?[0m?[0;34m    into
?[0m?[0;34m        recipe_directions
?[0m?[0;34m        (recipe_id, directions) 
?[0m?[0;34m    values
?[0m?[0;34m        (?, ?)
?[0m?[0;34mHibernate: 
?[0m?[0;34m    insert 
?[0m?[0;34m    into
?[0m?[0;34m        recipe_ingredients
?[0m?[0;34m        (recipe_id, ingredients) 
?[0m?[0;34m    values
?[0m?[0;34m        (?, ?)
?[0m?[0;34mHibernate: 
?[0m?[0;34m    insert 
?[0m?[0;34m    into
?[0m?[0;34m        recipe_ingredients
?[0m?[0;34m        (recipe_id, ingredients) 
?[0m?[0;34m    values
?[0m?[0;34m        (?, ?)
?[0m?[0;34mHibernate: 
?[0m?[0;34m    insert 
?[0m?[0;34m    into
?[0m?[0;34m        recipe_ingredients
?[0m?[0;34m        (recipe_id, ingredients) 
?[0m?[0;34m    values
?[0m?[0;34m        (?, ?)
?[1;31m
Start test 11?[0m
?[0m?[0;34mHibernate: 
?[0m?[0;34m    select
?[0m?[0;34m        user0_.email as email1_3_,
?[0m?[0;34m        user0_.password as password2_3_,
?[0m?[0;34m        user0_.role as role3_3_ 
?[0m?[0;34m    from
?[0m?[0;34m        users user0_ 
?[0m?[0;34m    where
?[0m?[0;34m        user0_.email=?
?[0m?[0;34mHibernate: 
?[0m?[0;34m    select
?[0m?[0;34m        recipe0_.id as id1_2_0_,
?[0m?[0;34m        recipe0_.category as category2_2_0_,
?[0m?[0;34m        recipe0_.date as date3_2_0_,
?[0m?[0;34m        recipe0_.description as descript4_2_0_,
?[0m?[0;34m        recipe0_.name as name5_2_0_,
?[0m?[0;34m        recipe0_.user_person as user_per6_2_0_ 
?[0m?[0;34m    from
?[0m?[0;34m        recipes recipe0_ 
?[0m?[0;34m    where
?[0m?[0;34m        recipe0_.id=?
?[0m?[0;34mHibernate: 
?[0m?[0;34m    select
?[0m?[0;34m        ingredient0_.recipe_id as recipe_i1_1_0_,
?[0m?[0;34m        ingredient0_.ingredients as ingredie2_1_0_ 
?[0m?[0;34m    from
?[0m?[0;34m        recipe_ingredients ingredient0_ 
?[0m?[0;34m    where
?[0m?[0;34m        ingredient0_.recipe_id=?
?[0m?[0;34mHibernate: 
?[0m?[0;34m    select
?[0m?[0;34m        directions0_.recipe_id as recipe_i1_0_0_,
?[0m?[0;34m        directions0_.directions as directio2_0_0_ 
?[0m?[0;34m    from
?[0m?[0;34m        recipe_directions directions0_ 
?[0m?[0;34m    where
?[0m?[0;34m        directions0_.recipe_id=?
?[1;31m
Start test 12?[0m
?[0m?[0;34mHibernate: 
?[0m?[0;34m    select
?[0m?[0;34m        user0_.email as email1_3_,
?[0m?[0;34m        user0_.password as password2_3_,
?[0m?[0;34m        user0_.role as role3_3_ 
?[0m?[0;34m    from
?[0m?[0;34m        users user0_ 
?[0m?[0;34m    where
?[0m?[0;34m        user0_.email=?
?[0m?[0;34mHibernate: 
?[0m?[0;34m    select
?[0m?[0;34m        recipe0_.id as id1_2_0_,
?[0m?[0;34m        recipe0_.category as category2_2_0_,
?[0m?[0;34m        recipe0_.date as date3_2_0_,
?[0m?[0;34m        recipe0_.description as descript4_2_0_,
?[0m?[0;34m        recipe0_.name as name5_2_0_,
?[0m?[0;34m        recipe0_.user_person as user_per6_2_0_ 
?[0m?[0;34m    from
?[0m?[0;34m        recipes recipe0_ 
?[0m?[0;34m    where
?[0m?[0;34m        recipe0_.id=?
?[0m?[0;34mHibernate: 
?[0m?[0;34m    select
?[0m?[0;34m        ingredient0_.recipe_id as recipe_i1_1_0_,
?[0m?[0;34m        ingredient0_.ingredients as ingredie2_1_0_ 
?[0m?[0;34m    from
?[0m?[0;34m        recipe_ingredients ingredient0_ 
?[0m?[0;34m    where
?[0m?[0;34m        ingredient0_.recipe_id=?
?[0m?[0;34mHibernate: 
?[0m?[0;34m    select
?[0m?[0;34m        directions0_.recipe_id as recipe_i1_0_0_,
?[0m?[0;34m        directions0_.directions as directio2_0_0_ 
?[0m?[0;34m    from
?[0m?[0;34m        recipe_directions directions0_ 
?[0m?[0;34m    where
?[0m?[0;34m        directions0_.recipe_id=?
?[1;31m
Start test 13?[0m
?[0;34m2023-02-14 15:21:57.036  INFO 56839 --- [       Thread-4] j.LocalContainerEntityManagerFactoryBean : Closing JPA EntityManagerFactory for persistence unit 'default'
?[0m?[0;34m2023-02-14 15:21:57.044  INFO 56839 --- [       Thread-4] com.zaxxer.hikari.HikariDataSource       : HikariPool-1 - Shutdown initiated...
?[0m?[0;34m2023-02-14 15:21:57.067  INFO 56839 --- [       Thread-4] com.zaxxer.hikari.HikariDataSource       : HikariPool-1 - Shutdown completed.
?[0;34m
?[0m?[0;34m  .   ____          _            __ _ _
?[0m?[0;34m /\\ / ___'_ __ _ _(_)_ __  __ _ \ \ \ \
?[0m?[0;34m( ( )\___ | '_ | '_| | '_ \/ _` | \ \ \ \
?[0m?[0;34m \\/  ___)| |_)| | | | | || (_| |  ) ) ) )
?[0m?[0;34m  '  |____| .__|_| |_|_| |_\__, | / / / /
?[0m?[0;34m =========|_|==============|___/=/_/_/_/
?[0m?[0;34m :: Spring Boot ::                (v2.5.6)
?[0m?[0;34m
?[0m?[0;34m2023-02-14 15:22:09.119  INFO 56839 --- [    Test worker] recipes.RecipesApplication               : Starting RecipesApplication using Java 17.0.6 on EDCMXAPLT0640.local with PID 56839 (started by reginaespinosa in /Users/reginaespinosa/Documents/GitHub/Recipes/Recipes/task)
?[0m?[0;34m2023-02-14 15:22:09.121  INFO 56839 --- [    Test worker] recipes.RecipesApplication               : No active profile set, falling back to default profiles: default
?[0m?[0;34m2023-02-14 15:22:09.814  INFO 56839 --- [    Test worker] .s.d.r.c.RepositoryConfigurationDelegate : Bootstrapping Spring Data JPA repositories in DEFAULT mode.
?[0m?[0;34m2023-02-14 15:22:09.831  INFO 56839 --- [    Test worker] .s.d.r.c.RepositoryConfigurationDelegate : Finished Spring Data repository scanning in 16 ms. Found 2 JPA repository interfaces.
?[0m?[0;34m2023-02-14 15:22:10.002  INFO 56839 --- [    Test worker] o.s.b.w.embedded.tomcat.TomcatWebServer  : Tomcat initialized with port(s): 8881 (http)
?[0m?[0;34m2023-02-14 15:22:10.004  INFO 56839 --- [    Test worker] o.apache.catalina.core.StandardService   : Starting service [Tomcat]
?[0m?[0;34m2023-02-14 15:22:10.005  INFO 56839 --- [    Test worker] org.apache.catalina.core.StandardEngine  : Starting Servlet engine: [Apache Tomcat/9.0.54]
?[0m?[0;34m2023-02-14 15:22:10.063  INFO 56839 --- [    Test worker] o.a.c.c.C.[Tomcat].[localhost].[/]       : Initializing Spring embedded WebApplicationContext
?[0m?[0;34m2023-02-14 15:22:10.064  INFO 56839 --- [    Test worker] w.s.c.ServletWebServerApplicationContext : Root WebApplicationContext: initialization completed in 934 ms
?[0m?[0;34m2023-02-14 15:22:10.213  INFO 56839 --- [    Test worker] o.hibernate.jpa.internal.util.LogHelper  : HHH000204: Processing PersistenceUnitInfo [name: default]
?[0m?[0;34m2023-02-14 15:22:10.221  INFO 56839 --- [    Test worker] com.zaxxer.hikari.HikariDataSource       : HikariPool-2 - Starting...
?[0m?[0;34m2023-02-14 15:22:10.249  INFO 56839 --- [    Test worker] com.zaxxer.hikari.HikariDataSource       : HikariPool-2 - Start completed.
?[0m?[0;34m2023-02-14 15:22:10.250  INFO 56839 --- [    Test worker] org.hibernate.dialect.Dialect            : HHH000400: Using dialect: org.hibernate.dialect.PostgreSQLDialect
?[0m?[0;34m2023-02-14 15:22:10.542  INFO 56839 --- [    Test worker] o.h.e.t.j.p.i.JtaPlatformInitiator       : HHH000490: Using JtaPlatform implementation: [org.hibernate.engine.transaction.jta.platform.internal.NoJtaPlatform]
?[0m?[0;34m2023-02-14 15:22:10.543  INFO 56839 --- [    Test worker] j.LocalContainerEntityManagerFactoryBean : Initialized JPA EntityManagerFactory for persistence unit 'default'
?[0m?[0;34m2023-02-14 15:22:10.805  WARN 56839 --- [    Test worker] JpaBaseConfiguration$JpaWebConfiguration : spring.jpa.open-in-view is enabled by default. Therefore, database queries may be performed during view rendering. Explicitly configure spring.jpa.open-in-view to disable this warning
?[0m?[0;34m2023-02-14 15:22:11.088  INFO 56839 --- [    Test worker] o.s.b.a.e.web.EndpointLinksResolver      : Exposing 14 endpoint(s) beneath base path '/actuator'
?[0m?[0;34m2023-02-14 15:22:11.107  INFO 56839 --- [    Test worker] o.s.s.web.DefaultSecurityFilterChain     : Will secure any request with [org.springframework.security.web.context.request.async.WebAsyncManagerIntegrationFilter@44189797, org.springframework.security.web.context.SecurityContextPersistenceFilter@6dde03ce, org.springframework.security.web.header.HeaderWriterFilter@ca90087, org.springframework.security.web.authentication.logout.LogoutFilter@f8dfcbe, org.springframework.security.web.authentication.www.BasicAuthenticationFilter@7671c02d, org.springframework.security.web.savedrequest.RequestCacheAwareFilter@2b0df4ba, org.springframework.security.web.servletapi.SecurityContextHolderAwareRequestFilter@6f647464, org.springframework.security.web.authentication.AnonymousAuthenticationFilter@4aa4bfa1, org.springframework.security.web.session.SessionManagementFilter@59a49dbc, org.springframework.security.web.access.ExceptionTranslationFilter@168ffb0, org.springframework.security.web.access.intercept.FilterSecurityInterceptor@670199c5]
?[0m?[0;34m2023-02-14 15:22:11.258  INFO 56839 --- [    Test worker] o.s.b.w.embedded.tomcat.TomcatWebServer  : Tomcat started on port(s): 8881 (http) with context path ''
?[0m?[0;34m2023-02-14 15:22:11.271  INFO 56839 --- [    Test worker] recipes.RecipesApplication               : Started RecipesApplication in 7.349 seconds (JVM running for 75.837)
?[0m?[1;31m
Start test 14?[0m
?[0;34m2023-02-14 15:22:11.288  INFO 56839 --- [nio-8881-exec-1] o.a.c.c.C.[Tomcat].[localhost].[/]       : Initializing Spring DispatcherServlet 'dispatcherServlet'
?[0m?[0;34m2023-02-14 15:22:11.288  INFO 56839 --- [nio-8881-exec-1] o.s.web.servlet.DispatcherServlet        : Initializing Servlet 'dispatcherServlet'
?[0m?[0;34m2023-02-14 15:22:11.290  INFO 56839 --- [nio-8881-exec-1] o.s.web.servlet.DispatcherServlet        : Completed initialization in 2 ms
?[0m?[0;34mHibernate: 
?[0m?[0;34m    select
?[0m?[0;34m        user0_.email as email1_3_,
?[0m?[0;34m        user0_.password as password2_3_,
?[0m?[0;34m        user0_.role as role3_3_ 
?[0m?[0;34m    from
?[0m?[0;34m        users user0_ 
?[0m?[0;34m    where
?[0m?[0;34m        user0_.email=?
?[0m?[0;34mHibernate: 
?[0m?[0;34m    select
?[0m?[0;34m        recipe0_.id as id1_2_0_,
?[0m?[0;34m        recipe0_.category as category2_2_0_,
?[0m?[0;34m        recipe0_.date as date3_2_0_,
?[0m?[0;34m        recipe0_.description as descript4_2_0_,
?[0m?[0;34m        recipe0_.name as name5_2_0_,
?[0m?[0;34m        recipe0_.user_person as user_per6_2_0_ 
?[0m?[0;34m    from
?[0m?[0;34m        recipes recipe0_ 
?[0m?[0;34m    where
?[0m?[0;34m        recipe0_.id=?
?[0m?[0;34mHibernate: 
?[0m?[0;34m    select
?[0m?[0;34m        ingredient0_.recipe_id as recipe_i1_1_0_,
?[0m?[0;34m        ingredient0_.ingredients as ingredie2_1_0_ 
?[0m?[0;34m    from
?[0m?[0;34m        recipe_ingredients ingredient0_ 
?[0m?[0;34m    where
?[0m?[0;34m        ingredient0_.recipe_id=?
?[0m?[0;34mHibernate: 
?[0m?[0;34m    select
?[0m?[0;34m        directions0_.recipe_id as recipe_i1_0_0_,
?[0m?[0;34m        directions0_.directions as directio2_0_0_ 
?[0m?[0;34m    from
?[0m?[0;34m        recipe_directions directions0_ 
?[0m?[0;34m    where
?[0m?[0;34m        directions0_.recipe_id=?
?[1;31m
Start test 15?[0m
?[0;34mHibernate: 
?[0m?[0;34m    select
?[0m?[0;34m        user0_.email as email1_3_,
?[0m?[0;34m        user0_.password as password2_3_,
?[0m?[0;34m        user0_.role as role3_3_ 
?[0m?[0;34m    from
?[0m?[0;34m        users user0_ 
?[0m?[0;34m    where
?[0m?[0;34m        user0_.email=?
?[0m?[0;34mHibernate: 
?[0m?[0;34m    select
?[0m?[0;34m        recipe0_.id as id1_2_0_,
?[0m?[0;34m        recipe0_.category as category2_2_0_,
?[0m?[0;34m        recipe0_.date as date3_2_0_,
?[0m?[0;34m        recipe0_.description as descript4_2_0_,
?[0m?[0;34m        recipe0_.name as name5_2_0_,
?[0m?[0;34m        recipe0_.user_person as user_per6_2_0_ 
?[0m?[0;34m    from
?[0m?[0;34m        recipes recipe0_ 
?[0m?[0;34m    where
?[0m?[0;34m        recipe0_.id=?
?[0m?[0;34mHibernate: 
?[0m?[0;34m    select
?[0m?[0;34m        ingredient0_.recipe_id as recipe_i1_1_0_,
?[0m?[0;34m        ingredient0_.ingredients as ingredie2_1_0_ 
?[0m?[0;34m    from
?[0m?[0;34m        recipe_ingredients ingredient0_ 
?[0m?[0;34m    where
?[0m?[0;34m        ingredient0_.recipe_id=?
?[0m?[0;34mHibernate: 
?[0m?[0;34m    select
?[0m?[0;34m        directions0_.recipe_id as recipe_i1_0_0_,
?[0m?[0;34m        directions0_.directions as directio2_0_0_ 
?[0m?[0;34m    from
?[0m?[0;34m        recipe_directions directions0_ 
?[0m?[0;34m    where
?[0m?[0;34m        directions0_.recipe_id=?
?[1;31m
Start test 16?[0m
?[0;34mHibernate: 
?[0m?[0;34m    select
?[0m?[0;34m        user0_.email as email1_3_,
?[0m?[0;34m        user0_.password as password2_3_,
?[0m?[0;34m        user0_.role as role3_3_ 
?[0m?[0;34m    from
?[0m?[0;34m        users user0_ 
?[0m?[0;34m    where
?[0m?[0;34m        user0_.email=?
?[0m?[0;34mHibernate: 
?[0m?[0;34m    select
?[0m?[0;34m        count(*) as col_0_0_ 
?[0m?[0;34m    from
?[0m?[0;34m        recipes recipe0_ 
?[0m?[0;34m    where
?[0m?[0;34m        recipe0_.id=?
?[0m?[0;34mHibernate: 
?[0m?[0;34m    select
?[0m?[0;34m        recipe0_.id as id1_2_0_,
?[0m?[0;34m        recipe0_.category as category2_2_0_,
?[0m?[0;34m        recipe0_.date as date3_2_0_,
?[0m?[0;34m        recipe0_.description as descript4_2_0_,
?[0m?[0;34m        recipe0_.name as name5_2_0_,
?[0m?[0;34m        recipe0_.user_person as user_per6_2_0_ 
?[0m?[0;34m    from
?[0m?[0;34m        recipes recipe0_ 
?[0m?[0;34m    where
?[0m?[0;34m        recipe0_.id=?
?[0m?[0;34mHibernate: 
?[0m?[0;34m    update
?[0m?[0;34m        recipes 
?[0m?[0;34m    set
?[0m?[0;34m        category=?,
?[0m?[0;34m        date=?,
?[0m?[0;34m        description=?,
?[0m?[0;34m        name=?,
?[0m?[0;34m        user_person=? 
?[0m?[0;34m    where
?[0m?[0;34m        id=?
?[0m?[0;34mHibernate: 
?[0m?[0;34m    delete 
?[0m?[0;34m    from
?[0m?[0;34m        recipe_directions 
?[0m?[0;34m    where
?[0m?[0;34m        recipe_id=?
?[0m?[0;34mHibernate: 
?[0m?[0;34m    delete 
?[0m?[0;34m    from
?[0m?[0;34m        recipe_ingredients 
?[0m?[0;34m    where
?[0m?[0;34m        recipe_id=?
?[0m?[0;34mHibernate: 
?[0m?[0;34m    insert 
?[0m?[0;34m    into
?[0m?[0;34m        recipe_directions
?[0m?[0;34m        (recipe_id, directions) 
?[0m?[0;34m    values
?[0m?[0;34m        (?, ?)
?[0m?[0;34mHibernate: 
?[0m?[0;34m    insert 
?[0m?[0;34m    into
?[0m?[0;34m        recipe_directions
?[0m?[0;34m        (recipe_id, directions) 
?[0m?[0;34m    values
?[0m?[0;34m        (?, ?)
?[0m?[0;34mHibernate: 
?[0m?[0;34m    insert 
?[0m?[0;34m    into
?[0m?[0;34m        recipe_directions
?[0m?[0;34m        (recipe_id, directions) 
?[0m?[0;34m    values
?[0m?[0;34m        (?, ?)
?[0m?[0;34mHibernate: 
?[0m?[0;34m    insert 
?[0m?[0;34m    into
?[0m?[0;34m        recipe_ingredients
?[0m?[0;34m        (recipe_id, ingredients) 
?[0m?[0;34m    values
?[0m?[0;34m        (?, ?)
?[0m?[0;34mHibernate: 
?[0m?[0;34m    insert 
?[0m?[0;34m    into
?[0m?[0;34m        recipe_ingredients
?[0m?[0;34m        (recipe_id, ingredients) 
?[0m?[0;34m    values
?[0m?[0;34m        (?, ?)
?[0m?[0;34mHibernate: 
?[0m?[0;34m    insert 
?[0m?[0;34m    into
?[0m?[0;34m        recipe_ingredients
?[0m?[0;34m        (recipe_id, ingredients) 
?[0m?[0;34m    values
?[0m?[0;34m        (?, ?)
?[1;31m
Start test 17?[0m
?[0;34mHibernate: 
?[0m?[0;34m    select
?[0m?[0;34m        user0_.email as email1_3_,
?[0m?[0;34m        user0_.password as password2_3_,
?[0m?[0;34m        user0_.role as role3_3_ 
?[0m?[0;34m    from
?[0m?[0;34m        users user0_ 
?[0m?[0;34m    where
?[0m?[0;34m        user0_.email=?
?[0m?[0;34mHibernate: 
?[0m?[0;34m    select
?[0m?[0;34m        recipe0_.id as id1_2_0_,
?[0m?[0;34m        recipe0_.category as category2_2_0_,
?[0m?[0;34m        recipe0_.date as date3_2_0_,
?[0m?[0;34m        recipe0_.description as descript4_2_0_,
?[0m?[0;34m        recipe0_.name as name5_2_0_,
?[0m?[0;34m        recipe0_.user_person as user_per6_2_0_ 
?[0m?[0;34m    from
?[0m?[0;34m        recipes recipe0_ 
?[0m?[0;34m    where
?[0m?[0;34m        recipe0_.id=?
?[0m?[0;34mHibernate: 
?[0m?[0;34m    select
?[0m?[0;34m        ingredient0_.recipe_id as recipe_i1_1_0_,
?[0m?[0;34m        ingredient0_.ingredients as ingredie2_1_0_ 
?[0m?[0;34m    from
?[0m?[0;34m        recipe_ingredients ingredient0_ 
?[0m?[0;34m    where
?[0m?[0;34m        ingredient0_.recipe_id=?
?[0m?[0;34mHibernate: 
?[0m?[0;34m    select
?[0m?[0;34m        directions0_.recipe_id as recipe_i1_0_0_,
?[0m?[0;34m        directions0_.directions as directio2_0_0_ 
?[0m?[0;34m    from
?[0m?[0;34m        recipe_directions directions0_ 
?[0m?[0;34m    where
?[0m?[0;34m        directions0_.recipe_id=?
?[1;31m
Start test 18?[0m
?[0;34mHibernate: 
?[0m?[0;34m    select
?[0m?[0;34m        user0_.email as email1_3_,
?[0m?[0;34m        user0_.password as password2_3_,
?[0m?[0;34m        user0_.role as role3_3_ 
?[0m?[0;34m    from
?[0m?[0;34m        users user0_ 
?[0m?[0;34m    where
?[0m?[0;34m        user0_.email=?
?[0m?[0;34mHibernate: 
?[0m?[0;34m    select
?[0m?[0;34m        count(*) as col_0_0_ 
?[0m?[0;34m    from
?[0m?[0;34m        recipes recipe0_ 
?[0m?[0;34m    where
?[0m?[0;34m        recipe0_.id=?
?[0m?[0;34mHibernate: 
?[0m?[0;34m    select
?[0m?[0;34m        recipe0_.id as id1_2_0_,
?[0m?[0;34m        recipe0_.category as category2_2_0_,
?[0m?[0;34m        recipe0_.date as date3_2_0_,
?[0m?[0;34m        recipe0_.description as descript4_2_0_,
?[0m?[0;34m        recipe0_.name as name5_2_0_,
?[0m?[0;34m        recipe0_.user_person as user_per6_2_0_ 
?[0m?[0;34m    from
?[0m?[0;34m        recipes recipe0_ 
?[0m?[0;34m    where
?[0m?[0;34m        recipe0_.id=?
?[0m?[0;34mHibernate: 
?[0m?[0;34m    delete 
?[0m?[0;34m    from
?[0m?[0;34m        recipe_directions 
?[0m?[0;34m    where
?[0m?[0;34m        recipe_id=?
?[0m?[0;34mHibernate: 
?[0m?[0;34m    delete 
?[0m?[0;34m    from
?[0m?[0;34m        recipe_ingredients 
?[0m?[0;34m    where
?[0m?[0;34m        recipe_id=?
?[0m?[0;34mHibernate: 
?[0m?[0;34m    delete 
?[0m?[0;34m    from
?[0m?[0;34m        recipes 
?[0m?[0;34m    where
?[0m?[0;34m        id=?
?[1;31m
Start test 19?[0m
?[0;34mHibernate: 
?[0m?[0;34m    select
?[0m?[0;34m        user0_.email as email1_3_,
?[0m?[0;34m        user0_.password as password2_3_,
?[0m?[0;34m        user0_.role as role3_3_ 
?[0m?[0;34m    from
?[0m?[0;34m        users user0_ 
?[0m?[0;34m    where
?[0m?[0;34m        user0_.email=?
?[0m?[0;34mHibernate: 
?[0m?[0;34m    select
?[0m?[0;34m        count(*) as col_0_0_ 
?[0m?[0;34m    from
?[0m?[0;34m        recipes recipe0_ 
?[0m?[0;34m    where
?[0m?[0;34m        recipe0_.id=?
?[1;31m
Start test 20?[0m
?[0m?[0;34mHibernate: 
?[0m?[0;34m    select
?[0m?[0;34m        user0_.email as email1_3_,
?[0m?[0;34m        user0_.password as password2_3_,
?[0m?[0;34m        user0_.role as role3_3_ 
?[0m?[0;34m    from
?[0m?[0;34m        users user0_ 
?[0m?[0;34m    where
?[0m?[0;34m        user0_.email=?
?[0m?[0;34mHibernate: 
?[0m?[0;34m    select
?[0m?[0;34m        recipe0_.id as id1_2_0_,
?[0m?[0;34m        recipe0_.category as category2_2_0_,
?[0m?[0;34m        recipe0_.date as date3_2_0_,
?[0m?[0;34m        recipe0_.description as descript4_2_0_,
?[0m?[0;34m        recipe0_.name as name5_2_0_,
?[0m?[0;34m        recipe0_.user_person as user_per6_2_0_ 
?[0m?[0;34m    from
?[0m?[0;34m        recipes recipe0_ 
?[0m?[0;34m    where
?[0m?[0;34m        recipe0_.id=?
?[1;31m
Start test 21?[0m
?[0m?[0;34mHibernate: 
?[0m?[0;34m    select
?[0m?[0;34m        user0_.email as email1_3_,
?[0m?[0;34m        user0_.password as password2_3_,
?[0m?[0;34m        user0_.role as role3_3_ 
?[0m?[0;34m    from
?[0m?[0;34m        users user0_ 
?[0m?[0;34m    where
?[0m?[0;34m        user0_.email=?
?[0m?[0;34mHibernate: 
?[0m?[0;34m    select
?[0m?[0;34m        count(*) as col_0_0_ 
?[0m?[0;34m    from
?[0m?[0;34m        recipes recipe0_ 
?[0m?[0;34m    where
?[0m?[0;34m        recipe0_.id=?
?[1;31m
Start test 22?[0m
?[0m?[0;34mHibernate: 
?[0m?[0;34m    select
?[0m?[0;34m        user0_.email as email1_3_,
?[0m?[0;34m        user0_.password as password2_3_,
?[0m?[0;34m        user0_.role as role3_3_ 
?[0m?[0;34m    from
?[0m?[0;34m        users user0_ 
?[0m?[0;34m    where
?[0m?[0;34m        user0_.email=?
?[0m?[0;34mRecipe(id=null, name=ice-cream, description=-, ingredients=[--, ---, -], directions=[----, ---], category=Dessert, date=null, userPerson=LoginTest2@test.com)
?[0m?[0;34mHibernate: 
?[0m?[0;34m    select
?[0m?[0;34m        nextval ('hibernate_sequence')
?[0m?[0;34mHibernate: 
?[0m?[0;34m    insert 
?[0m?[0;34m    into
?[0m?[0;34m        recipes
?[0m?[0;34m        (category, date, description, name, user_person, id) 
?[0m?[0;34m    values
?[0m?[0;34m        (?, ?, ?, ?, ?, ?)
?[0m?[0;34mHibernate: 
?[0m?[0;34m    insert 
?[0m?[0;34m    into
?[0m?[0;34m        recipe_directions
?[0m?[0;34m        (recipe_id, directions) 
?[0m?[0;34m    values
?[0m?[0;34m        (?, ?)
?[0m?[0;34mHibernate: 
?[0m?[0;34m    insert 
?[0m?[0;34m    into
?[0m?[0;34m        recipe_directions
?[0m?[0;34m        (recipe_id, directions) 
?[0m?[0;34m    values
?[0m?[0;34m        (?, ?)
?[0m?[0;34mHibernate: 
?[0m?[0;34m    insert 
?[0m?[0;34m    into
?[0m?[0;34m        recipe_ingredients
?[0m?[0;34m        (recipe_id, ingredients) 
?[0m?[0;34m    values
?[0m?[0;34m        (?, ?)
?[0m?[0;34mHibernate: 
?[0m?[0;34m    insert 
?[0m?[0;34m    into
?[0m?[0;34m        recipe_ingredients
?[0m?[0;34m        (recipe_id, ingredients) 
?[0m?[0;34m    values
?[0m?[0;34m        (?, ?)
?[0m?[0;34mHibernate: 
?[0m?[0;34m    insert 
?[0m?[0;34m    into
?[0m?[0;34m        recipe_ingredients
?[0m?[0;34m        (recipe_id, ingredients) 
?[0m?[0;34m    values
?[0m?[0;34m        (?, ?)
?[1;31m
Start test 23?[0m
?[0m?[0;34mHibernate: 
?[0m?[0;34m    select
?[0m?[0;34m        user0_.email as email1_3_,
?[0m?[0;34m        user0_.password as password2_3_,
?[0m?[0;34m        user0_.role as role3_3_ 
?[0m?[0;34m    from
?[0m?[0;34m        users user0_ 
?[0m?[0;34m    where
?[0m?[0;34m        user0_.email=?
?[0m?[0;34mRecipe(id=null, name=tea r 4, description=---, ingredients=[-, ----, -], directions=[----, --, --], category=DesserT, date=null, userPerson=LoginTest2@test.com)
?[0m?[0;34mHibernate: 
?[0m?[0;34m    select
?[0m?[0;34m        nextval ('hibernate_sequence')
?[0m?[0;34mHibernate: 
?[0m?[0;34m    insert 
?[0m?[0;34m    into
?[0m?[0;34m        recipes
?[0m?[0;34m        (category, date, description, name, user_person, id) 
?[0m?[0;34m    values
?[0m?[0;34m        (?, ?, ?, ?, ?, ?)
?[0m?[0;34mHibernate: 
?[0m?[0;34m    insert 
?[0m?[0;34m    into
?[0m?[0;34m        recipe_directions
?[0m?[0;34m        (recipe_id, directions) 
?[0m?[0;34m    values
?[0m?[0;34m        (?, ?)
?[0m?[0;34mHibernate: 
?[0m?[0;34m    insert 
?[0m?[0;34m    into
?[0m?[0;34m        recipe_directions
?[0m?[0;34m        (recipe_id, directions) 
?[0m?[0;34m    values
?[0m?[0;34m        (?, ?)
?[0m?[0;34mHibernate: 
?[0m?[0;34m    insert 
?[0m?[0;34m    into
?[0m?[0;34m        recipe_directions
?[0m?[0;34m        (recipe_id, directions) 
?[0m?[0;34m    values
?[0m?[0;34m        (?, ?)
?[0m?[0;34mHibernate: 
?[0m?[0;34m    insert 
?[0m?[0;34m    into
?[0m?[0;34m        recipe_ingredients
?[0m?[0;34m        (recipe_id, ingredients) 
?[0m?[0;34m    values
?[0m?[0;34m        (?, ?)
?[0m?[0;34mHibernate: 
?[0m?[0;34m    insert 
?[0m?[0;34m    into
?[0m?[0;34m        recipe_ingredients
?[0m?[0;34m        (recipe_id, ingredients) 
?[0m?[0;34m    values
?[0m?[0;34m        (?, ?)
?[0m?[0;34mHibernate: 
?[0m?[0;34m    insert 
?[0m?[0;34m    into
?[0m?[0;34m        recipe_ingredients
?[0m?[0;34m        (recipe_id, ingredients) 
?[0m?[0;34m    values
?[0m?[0;34m        (?, ?)
?[1;31m
Start test 24?[0m
?[0;34mHibernate: 
?[0m?[0;34m    select
?[0m?[0;34m        user0_.email as email1_3_,
?[0m?[0;34m        user0_.password as password2_3_,
?[0m?[0;34m        user0_.role as role3_3_ 
?[0m?[0;34m    from
?[0m?[0;34m        users user0_ 
?[0m?[0;34m    where
?[0m?[0;34m        user0_.email=?
?[0m?[0;34mRecipe(id=null, name=recipe ice-cream 5, description=---, ingredients=[-, --, -], directions=[-, --, ---], category=Desser, date=null, userPerson=LoginTest2@test.com)
?[0m?[0;34mHibernate: 
?[0m?[0;34m    select
?[0m?[0;34m        nextval ('hibernate_sequence')
?[0m?[0;34mHibernate: 
?[0m?[0;34m    insert 
?[0m?[0;34m    into
?[0m?[0;34m        recipes
?[0m?[0;34m        (category, date, description, name, user_person, id) 
?[0m?[0;34m    values
?[0m?[0;34m        (?, ?, ?, ?, ?, ?)
?[0m?[0;34mHibernate: 
?[0m?[0;34m    insert 
?[0m?[0;34m    into
?[0m?[0;34m        recipe_directions
?[0m?[0;34m        (recipe_id, directions) 
?[0m?[0;34m    values
?[0m?[0;34m        (?, ?)
?[0m?[0;34mHibernate: 
?[0m?[0;34m    insert 
?[0m?[0;34m    into
?[0m?[0;34m        recipe_directions
?[0m?[0;34m        (recipe_id, directions) 
?[0m?[0;34m    values
?[0m?[0;34m        (?, ?)
?[0m?[0;34mHibernate: 
?[0m?[0;34m    insert 
?[0m?[0;34m    into
?[0m?[0;34m        recipe_directions
?[0m?[0;34m        (recipe_id, directions) 
?[0m?[0;34m    values
?[0m?[0;34m        (?, ?)
?[0m?[0;34mHibernate: 
?[0m?[0;34m    insert 
?[0m?[0;34m    into
?[0m?[0;34m        recipe_ingredients
?[0m?[0;34m        (recipe_id, ingredients) 
?[0m?[0;34m    values
?[0m?[0;34m        (?, ?)
?[0m?[0;34mHibernate: 
?[0m?[0;34m    insert 
?[0m?[0;34m    into
?[0m?[0;34m        recipe_ingredients
?[0m?[0;34m        (recipe_id, ingredients) 
?[0m?[0;34m    values
?[0m?[0;34m        (?, ?)
?[0m?[0;34mHibernate: 
?[0m?[0;34m    insert 
?[0m?[0;34m    into
?[0m?[0;34m        recipe_ingredients
?[0m?[0;34m        (recipe_id, ingredients) 
?[0m?[0;34m    values
?[0m?[0;34m        (?, ?)
?[1;31m
Start test 25?[0m
?[0m?[0;34mHibernate: 
?[0m?[0;34m    select
?[0m?[0;34m        user0_.email as email1_3_,
?[0m?[0;34m        user0_.password as password2_3_,
?[0m?[0;34m        user0_.role as role3_3_ 
?[0m?[0;34m    from
?[0m?[0;34m        users user0_ 
?[0m?[0;34m    where
?[0m?[0;34m        user0_.email=?
?[0m?[0;34mRecipe(id=null, name=--, description=---, ingredients=[---, -, --], directions=[---, -], category=DeSSert, date=null, userPerson=LoginTest2@test.com)
?[0m?[0;34mHibernate: 
?[0m?[0;34m    select
?[0m?[0;34m        nextval ('hibernate_sequence')
?[0m?[0;34mHibernate: 
?[0m?[0;34m    insert 
?[0m?[0;34m    into
?[0m?[0;34m        recipes
?[0m?[0;34m        (category, date, description, name, user_person, id) 
?[0m?[0;34m    values
?[0m?[0;34m        (?, ?, ?, ?, ?, ?)
?[0m?[0;34mHibernate: 
?[0m?[0;34m    insert 
?[0m?[0;34m    into
?[0m?[0;34m        recipe_directions
?[0m?[0;34m        (recipe_id, directions) 
?[0m?[0;34m    values
?[0m?[0;34m        (?, ?)
?[0m?[0;34mHibernate: 
?[0m?[0;34m    insert 
?[0m?[0;34m    into
?[0m?[0;34m        recipe_directions
?[0m?[0;34m        (recipe_id, directions) 
?[0m?[0;34m    values
?[0m?[0;34m        (?, ?)
?[0m?[0;34mHibernate: 
?[0m?[0;34m    insert 
?[0m?[0;34m    into
?[0m?[0;34m        recipe_ingredients
?[0m?[0;34m        (recipe_id, ingredients) 
?[0m?[0;34m    values
?[0m?[0;34m        (?, ?)
?[0m?[0;34mHibernate: 
?[0m?[0;34m    insert 
?[0m?[0;34m    into
?[0m?[0;34m        recipe_ingredients
?[0m?[0;34m        (recipe_id, ingredients) 
?[0m?[0;34m    values
?[0m?[0;34m        (?, ?)
?[0m?[0;34mHibernate: 
?[0m?[0;34m    insert 
?[0m?[0;34m    into
?[0m?[0;34m        recipe_ingredients
?[0m?[0;34m        (recipe_id, ingredients) 
?[0m?[0;34m    values
?[0m?[0;34m        (?, ?)
?[1;31m
Start test 26?[0m
?[0m?[0;34mHibernate: 
?[0m?[0;34m    select
?[0m?[0;34m        user0_.email as email1_3_,
?[0m?[0;34m        user0_.password as password2_3_,
?[0m?[0;34m        user0_.role as role3_3_ 
?[0m?[0;34m    from
?[0m?[0;34m        users user0_ 
?[0m?[0;34m    where
?[0m?[0;34m        user0_.email=?
?[0m?[0;34mRecipe(id=null, name=ICE-CREAM, description=----, ingredients=[-, -, --], directions=[---, --, --], category=desserT, date=null, userPerson=LoginTest2@test.com)
?[0m?[0;34mHibernate: 
?[0m?[0;34m    select
?[0m?[0;34m        nextval ('hibernate_sequence')
?[0m?[0;34mHibernate: 
?[0m?[0;34m    insert 
?[0m?[0;34m    into
?[0m?[0;34m        recipes
?[0m?[0;34m        (category, date, description, name, user_person, id) 
?[0m?[0;34m    values
?[0m?[0;34m        (?, ?, ?, ?, ?, ?)
?[0m?[0;34mHibernate: 
?[0m?[0;34m    insert 
?[0m?[0;34m    into
?[0m?[0;34m        recipe_directions
?[0m?[0;34m        (recipe_id, directions) 
?[0m?[0;34m    values
?[0m?[0;34m        (?, ?)
?[0m?[0;34mHibernate: 
?[0m?[0;34m    insert 
?[0m?[0;34m    into
?[0m?[0;34m        recipe_directions
?[0m?[0;34m        (recipe_id, directions) 
?[0m?[0;34m    values
?[0m?[0;34m        (?, ?)
?[0m?[0;34mHibernate: 
?[0m?[0;34m    insert 
?[0m?[0;34m    into
?[0m?[0;34m        recipe_directions
?[0m?[0;34m        (recipe_id, directions) 
?[0m?[0;34m    values
?[0m?[0;34m        (?, ?)
?[0m?[0;34mHibernate: 
?[0m?[0;34m    insert 
?[0m?[0;34m    into
?[0m?[0;34m        recipe_ingredients
?[0m?[0;34m        (recipe_id, ingredients) 
?[0m?[0;34m    values
?[0m?[0;34m        (?, ?)
?[0m?[0;34mHibernate: 
?[0m?[0;34m    insert 
?[0m?[0;34m    into
?[0m?[0;34m        recipe_ingredients
?[0m?[0;34m        (recipe_id, ingredients) 
?[0m?[0;34m    values
?[0m?[0;34m        (?, ?)
?[0m?[0;34mHibernate: 
?[0m?[0;34m    insert 
?[0m?[0;34m    into
?[0m?[0;34m        recipe_ingredients
?[0m?[0;34m        (recipe_id, ingredients) 
?[0m?[0;34m    values
?[0m?[0;34m        (?, ?)
?[1;31m
Start test 27?[0m
?[0m?[0;34mHibernate: 
?[0m?[0;34m    select
?[0m?[0;34m        user0_.email as email1_3_,
?[0m?[0;34m        user0_.password as password2_3_,
?[0m?[0;34m        user0_.role as role3_3_ 
?[0m?[0;34m    from
?[0m?[0;34m        users user0_ 
?[0m?[0;34m    where
?[0m?[0;34m        user0_.email=?
?[0m?[0;34mRecipe(id=null, name=---, description=--, ingredients=[-, ----], directions=[-----, -, ---], category=dessert, date=null, userPerson=LoginTest2@test.com)
?[0m?[0;34mHibernate: 
?[0m?[0;34m    select
?[0m?[0;34m        nextval ('hibernate_sequence')
?[0m?[0;34mHibernate: 
?[0m?[0;34m    insert 
?[0m?[0;34m    into
?[0m?[0;34m        recipes
?[0m?[0;34m        (category, date, description, name, user_person, id) 
?[0m?[0;34m    values
?[0m?[0;34m        (?, ?, ?, ?, ?, ?)
?[0m?[0;34mHibernate: 
?[0m?[0;34m    insert 
?[0m?[0;34m    into
?[0m?[0;34m        recipe_directions
?[0m?[0;34m        (recipe_id, directions) 
?[0m?[0;34m    values
?[0m?[0;34m        (?, ?)
?[0m?[0;34mHibernate: 
?[0m?[0;34m    insert 
?[0m?[0;34m    into
?[0m?[0;34m        recipe_directions
?[0m?[0;34m        (recipe_id, directions) 
?[0m?[0;34m    values
?[0m?[0;34m        (?, ?)
?[0m?[0;34mHibernate: 
?[0m?[0;34m    insert 
?[0m?[0;34m    into
?[0m?[0;34m        recipe_directions
?[0m?[0;34m        (recipe_id, directions) 
?[0m?[0;34m    values
?[0m?[0;34m        (?, ?)
?[0m?[0;34mHibernate: 
?[0m?[0;34m    insert 
?[0m?[0;34m    into
?[0m?[0;34m        recipe_ingredients
?[0m?[0;34m        (recipe_id, ingredients) 
?[0m?[0;34m    values
?[0m?[0;34m        (?, ?)
?[0m?[0;34mHibernate: 
?[0m?[0;34m    insert 
?[0m?[0;34m    into
?[0m?[0;34m        recipe_ingredients
?[0m?[0;34m        (recipe_id, ingredients) 
?[0m?[0;34m    values
?[0m?[0;34m        (?, ?)
?[1;31m
Start test 28?[0m
?[0m?[0;34mHibernate: 
?[0m?[0;34m    select
?[0m?[0;34m        user0_.email as email1_3_,
?[0m?[0;34m        user0_.password as password2_3_,
?[0m?[0;34m        user0_.role as role3_3_ 
?[0m?[0;34m    from
?[0m?[0;34m        users user0_ 
?[0m?[0;34m    where
?[0m?[0;34m        user0_.email=?
?[0m?[0;34mRecipe(id=null, name=9 recipe Tea test, description=----, ingredients=[-, -, ----], directions=[-----, -, --], category=-, date=null, userPerson=LoginTest2@test.com)
?[0m?[0;34mHibernate: 
?[0m?[0;34m    select
?[0m?[0;34m        nextval ('hibernate_sequence')
?[0m?[0;34mHibernate: 
?[0m?[0;34m    insert 
?[0m?[0;34m    into
?[0m?[0;34m        recipes
?[0m?[0;34m        (category, date, description, name, user_person, id) 
?[0m?[0;34m    values
?[0m?[0;34m        (?, ?, ?, ?, ?, ?)
?[0m?[0;34mHibernate: 
?[0m?[0;34m    insert 
?[0m?[0;34m    into
?[0m?[0;34m        recipe_directions
?[0m?[0;34m        (recipe_id, directions) 
?[0m?[0;34m    values
?[0m?[0;34m        (?, ?)
?[0m?[0;34mHibernate: 
?[0m?[0;34m    insert 
?[0m?[0;34m    into
?[0m?[0;34m        recipe_directions
?[0m?[0;34m        (recipe_id, directions) 
?[0m?[0;34m    values
?[0m?[0;34m        (?, ?)
?[0m?[0;34mHibernate: 
?[0m?[0;34m    insert 
?[0m?[0;34m    into
?[0m?[0;34m        recipe_directions
?[0m?[0;34m        (recipe_id, directions) 
?[0m?[0;34m    values
?[0m?[0;34m        (?, ?)
?[0m?[0;34mHibernate: 
?[0m?[0;34m    insert 
?[0m?[0;34m    into
?[0m?[0;34m        recipe_ingredients
?[0m?[0;34m        (recipe_id, ingredients) 
?[0m?[0;34m    values
?[0m?[0;34m        (?, ?)
?[0m?[0;34mHibernate: 
?[0m?[0;34m    insert 
?[0m?[0;34m    into
?[0m?[0;34m        recipe_ingredients
?[0m?[0;34m        (recipe_id, ingredients) 
?[0m?[0;34m    values
?[0m?[0;34m        (?, ?)
?[0m?[0;34mHibernate: 
?[0m?[0;34m    insert 
?[0m?[0;34m    into
?[0m?[0;34m        recipe_ingredients
?[0m?[0;34m        (recipe_id, ingredients) 
?[0m?[0;34m    values
?[0m?[0;34m        (?, ?)
?[1;31m
Start test 29?[0m
?[0;34mHibernate: 
?[0m?[0;34m    select
?[0m?[0;34m        user0_.email as email1_3_,
?[0m?[0;34m        user0_.password as password2_3_,
?[0m?[0;34m        user0_.role as role3_3_ 
?[0m?[0;34m    from
?[0m?[0;34m        users user0_ 
?[0m?[0;34m    where
?[0m?[0;34m        user0_.email=?
?[0m?[0;34mRecipe(id=null, name=10 ice recipe test, description=--, ingredients=[----, --;, ---], directions=[--, -], category=-, date=null, userPerson=LoginTest2@test.com)
?[0m?[0;34mHibernate: 
?[0m?[0;34m    select
?[0m?[0;34m        nextval ('hibernate_sequence')
?[0m?[0;34mHibernate: 
?[0m?[0;34m    insert 
?[0m?[0;34m    into
?[0m?[0;34m        recipes
?[0m?[0;34m        (category, date, description, name, user_person, id) 
?[0m?[0;34m    values
?[0m?[0;34m        (?, ?, ?, ?, ?, ?)
?[0m?[0;34mHibernate: 
?[0m?[0;34m    insert 
?[0m?[0;34m    into
?[0m?[0;34m        recipe_directions
?[0m?[0;34m        (recipe_id, directions) 
?[0m?[0;34m    values
?[0m?[0;34m        (?, ?)
?[0m?[0;34mHibernate: 
?[0m?[0;34m    insert 
?[0m?[0;34m    into
?[0m?[0;34m        recipe_directions
?[0m?[0;34m        (recipe_id, directions) 
?[0m?[0;34m    values
?[0m?[0;34m        (?, ?)
?[0m?[0;34mHibernate: 
?[0m?[0;34m    insert 
?[0m?[0;34m    into
?[0m?[0;34m        recipe_ingredients
?[0m?[0;34m        (recipe_id, ingredients) 
?[0m?[0;34m    values
?[0m?[0;34m        (?, ?)
?[0m?[0;34mHibernate: 
?[0m?[0;34m    insert 
?[0m?[0;34m    into
?[0m?[0;34m        recipe_ingredients
?[0m?[0;34m        (recipe_id, ingredients) 
?[0m?[0;34m    values
?[0m?[0;34m        (?, ?)
?[0m?[0;34mHibernate: 
?[0m?[0;34m    insert 
?[0m?[0;34m    into
?[0m?[0;34m        recipe_ingredients
?[0m?[0;34m        (recipe_id, ingredients) 
?[0m?[0;34m    values
?[0m?[0;34m        (?, ?)
?[1;31m
Start test 30?[0m
?[0;34mHibernate: 
?[0m?[0;34m    select
?[0m?[0;34m        user0_.email as email1_3_,
?[0m?[0;34m        user0_.password as password2_3_,
?[0m?[0;34m        user0_.role as role3_3_ 
?[0m?[0;34m    from
?[0m?[0;34m        users user0_ 
?[0m?[0;34m    where
?[0m?[0;34m        user0_.email=?
?[0m?[0;34mRecipe(id=null, name=11 ice-creamrecipe test, description=-, ingredients=[-, --], directions=[-----, -, ---], category=veryDessert, date=null, userPerson=LoginTest2@test.com)
?[0m?[0;34mHibernate: 
?[0m?[0;34m    select
?[0m?[0;34m        nextval ('hibernate_sequence')
?[0m?[0;34mHibernate: 
?[0m?[0;34m    insert 
?[0m?[0;34m    into
?[0m?[0;34m        recipes
?[0m?[0;34m        (category, date, description, name, user_person, id) 
?[0m?[0;34m    values
?[0m?[0;34m        (?, ?, ?, ?, ?, ?)
?[0m?[0;34mHibernate: 
?[0m?[0;34m    insert 
?[0m?[0;34m    into
?[0m?[0;34m        recipe_directions
?[0m?[0;34m        (recipe_id, directions) 
?[0m?[0;34m    values
?[0m?[0;34m        (?, ?)
?[0m?[0;34mHibernate: 
?[0m?[0;34m    insert 
?[0m?[0;34m    into
?[0m?[0;34m        recipe_directions
?[0m?[0;34m        (recipe_id, directions) 
?[0m?[0;34m    values
?[0m?[0;34m        (?, ?)
?[0m?[0;34mHibernate: 
?[0m?[0;34m    insert 
?[0m?[0;34m    into
?[0m?[0;34m        recipe_directions
?[0m?[0;34m        (recipe_id, directions) 
?[0m?[0;34m    values
?[0m?[0;34m        (?, ?)
?[0m?[0;34mHibernate: 
?[0m?[0;34m    insert 
?[0m?[0;34m    into
?[0m?[0;34m        recipe_ingredients
?[0m?[0;34m        (recipe_id, ingredients) 
?[0m?[0;34m    values
?[0m?[0;34m        (?, ?)
?[0m?[0;34mHibernate: 
?[0m?[0;34m    insert 
?[0m?[0;34m    into
?[0m?[0;34m        recipe_ingredients
?[0m?[0;34m        (recipe_id, ingredients) 
?[0m?[0;34m    values
?[0m?[0;34m        (?, ?)
?[1;31m
Start test 31?[0m
?[0;34mHibernate: 
?[0m?[0;34m    select
?[0m?[0;34m        user0_.email as email1_3_,
?[0m?[0;34m        user0_.password as password2_3_,
?[0m?[0;34m        user0_.role as role3_3_ 
?[0m?[0;34m    from
?[0m?[0;34m        users user0_ 
?[0m?[0;34m    where
?[0m?[0;34m        user0_.email=?
?[0m?[0;34mRecipe(id=null, name=cream, description=--, ingredients=[---, -, -], directions=[-, --], category=BEVerage, date=null, userPerson=LoginTest2@test.com)
?[0m?[0;34mHibernate: 
?[0m?[0;34m    select
?[0m?[0;34m        nextval ('hibernate_sequence')
?[0m?[0;34mHibernate: 
?[0m?[0;34m    insert 
?[0m?[0;34m    into
?[0m?[0;34m        recipes
?[0m?[0;34m        (category, date, description, name, user_person, id) 
?[0m?[0;34m    values
?[0m?[0;34m        (?, ?, ?, ?, ?, ?)
?[0m?[0;34mHibernate: 
?[0m?[0;34m    insert 
?[0m?[0;34m    into
?[0m?[0;34m        recipe_directions
?[0m?[0;34m        (recipe_id, directions) 
?[0m?[0;34m    values
?[0m?[0;34m        (?, ?)
?[0m?[0;34mHibernate: 
?[0m?[0;34m    insert 
?[0m?[0;34m    into
?[0m?[0;34m        recipe_directions
?[0m?[0;34m        (recipe_id, directions) 
?[0m?[0;34m    values
?[0m?[0;34m        (?, ?)
?[0m?[0;34mHibernate: 
?[0m?[0;34m    insert 
?[0m?[0;34m    into
?[0m?[0;34m        recipe_ingredients
?[0m?[0;34m        (recipe_id, ingredients) 
?[0m?[0;34m    values
?[0m?[0;34m        (?, ?)
?[0m?[0;34mHibernate: 
?[0m?[0;34m    insert 
?[0m?[0;34m    into
?[0m?[0;34m        recipe_ingredients
?[0m?[0;34m        (recipe_id, ingredients) 
?[0m?[0;34m    values
?[0m?[0;34m        (?, ?)
?[0m?[0;34mHibernate: 
?[0m?[0;34m    insert 
?[0m?[0;34m    into
?[0m?[0;34m        recipe_ingredients
?[0m?[0;34m        (recipe_id, ingredients) 
?[0m?[0;34m    values
?[0m?[0;34m        (?, ?)
?[1;31m
Start test 32?[0m
?[0m?[0;34mHibernate: 
?[0m?[0;34m    select
?[0m?[0;34m        user0_.email as email1_3_,
?[0m?[0;34m        user0_.password as password2_3_,
?[0m?[0;34m        user0_.role as role3_3_ 
?[0m?[0;34m    from
?[0m?[0;34m        users user0_ 
?[0m?[0;34m    where
?[0m?[0;34m        user0_.email=?
?[0m?[0;34mRecipe(id=null, name=ice-cre, description=-, ingredients=[---, -], directions=[----, -, -], category=---Dessert, date=null, userPerson=LoginTest2@test.com)
?[0m?[0;34mHibernate: 
?[0m?[0;34m    select
?[0m?[0;34m        nextval ('hibernate_sequence')
?[0m?[0;34mHibernate: 
?[0m?[0;34m    insert 
?[0m?[0;34m    into
?[0m?[0;34m        recipes
?[0m?[0;34m        (category, date, description, name, user_person, id) 
?[0m?[0;34m    values
?[0m?[0;34m        (?, ?, ?, ?, ?, ?)
?[0m?[0;34mHibernate: 
?[0m?[0;34m    insert 
?[0m?[0;34m    into
?[0m?[0;34m        recipe_directions
?[0m?[0;34m        (recipe_id, directions) 
?[0m?[0;34m    values
?[0m?[0;34m        (?, ?)
?[0m?[0;34mHibernate: 
?[0m?[0;34m    insert 
?[0m?[0;34m    into
?[0m?[0;34m        recipe_directions
?[0m?[0;34m        (recipe_id, directions) 
?[0m?[0;34m    values
?[0m?[0;34m        (?, ?)
?[0m?[0;34mHibernate: 
?[0m?[0;34m    insert 
?[0m?[0;34m    into
?[0m?[0;34m        recipe_directions
?[0m?[0;34m        (recipe_id, directions) 
?[0m?[0;34m    values
?[0m?[0;34m        (?, ?)
?[0m?[0;34mHibernate: 
?[0m?[0;34m    insert 
?[0m?[0;34m    into
?[0m?[0;34m        recipe_ingredients
?[0m?[0;34m        (recipe_id, ingredients) 
?[0m?[0;34m    values
?[0m?[0;34m        (?, ?)
?[0m?[0;34mHibernate: 
?[0m?[0;34m    insert 
?[0m?[0;34m    into
?[0m?[0;34m        recipe_ingredients
?[0m?[0;34m        (recipe_id, ingredients) 
?[0m?[0;34m    values
?[0m?[0;34m        (?, ?)
?[1;31m
Start test 33?[0m
?[0m?[0;34mHibernate: 
?[0m?[0;34m    select
?[0m?[0;34m        user0_.email as email1_3_,
?[0m?[0;34m        user0_.password as password2_3_,
?[0m?[0;34m        user0_.role as role3_3_ 
?[0m?[0;34m    from
?[0m?[0;34m        users user0_ 
?[0m?[0;34m    where
?[0m?[0;34m        user0_.email=?
?[0m?[0;34mRecipe(id=null, name=ice-cream, description=-, ingredients=[----, --], directions=[-, --, -], category=DESSERT, date=null, userPerson=LoginTest2@test.com)
?[0m?[0;34mHibernate: 
?[0m?[0;34m    select
?[0m?[0;34m        nextval ('hibernate_sequence')
?[0m?[0;34mHibernate: 
?[0m?[0;34m    insert 
?[0m?[0;34m    into
?[0m?[0;34m        recipes
?[0m?[0;34m        (category, date, description, name, user_person, id) 
?[0m?[0;34m    values
?[0m?[0;34m        (?, ?, ?, ?, ?, ?)
?[0m?[0;34mHibernate: 
?[0m?[0;34m    insert 
?[0m?[0;34m    into
?[0m?[0;34m        recipe_directions
?[0m?[0;34m        (recipe_id, directions) 
?[0m?[0;34m    values
?[0m?[0;34m        (?, ?)
?[0m?[0;34mHibernate: 
?[0m?[0;34m    insert 
?[0m?[0;34m    into
?[0m?[0;34m        recipe_directions
?[0m?[0;34m        (recipe_id, directions) 
?[0m?[0;34m    values
?[0m?[0;34m        (?, ?)
?[0m?[0;34mHibernate: 
?[0m?[0;34m    insert 
?[0m?[0;34m    into
?[0m?[0;34m        recipe_directions
?[0m?[0;34m        (recipe_id, directions) 
?[0m?[0;34m    values
?[0m?[0;34m        (?, ?)
?[0m?[0;34mHibernate: 
?[0m?[0;34m    insert 
?[0m?[0;34m    into
?[0m?[0;34m        recipe_ingredients
?[0m?[0;34m        (recipe_id, ingredients) 
?[0m?[0;34m    values
?[0m?[0;34m        (?, ?)
?[0m?[0;34mHibernate: 
?[0m?[0;34m    insert 
?[0m?[0;34m    into
?[0m?[0;34m        recipe_ingredients
?[0m?[0;34m        (recipe_id, ingredients) 
?[0m?[0;34m    values
?[0m?[0;34m        (?, ?)
?[1;31m
Start test 34?[0m
?[0m?[0;34mHibernate: 
?[0m?[0;34m    select
?[0m?[0;34m        user0_.email as email1_3_,
?[0m?[0;34m        user0_.password as password2_3_,
?[0m?[0;34m        user0_.role as role3_3_ 
?[0m?[0;34m    from
?[0m?[0;34m        users user0_ 
?[0m?[0;34m    where
?[0m?[0;34m        user0_.email=?
?[0m?[0;34mRecipe(id=null, name=15 recipe test ice-CREAM, description=-, ingredients=[-, ---', -----], directions=[---, -], category=Dessert, date=null, userPerson=LoginTest2@test.com)
?[0m?[0;34mHibernate: 
?[0m?[0;34m    select
?[0m?[0;34m        nextval ('hibernate_sequence')
?[0m?[0;34mHibernate: 
?[0m?[0;34m    insert 
?[0m?[0;34m    into
?[0m?[0;34m        recipes
?[0m?[0;34m        (category, date, description, name, user_person, id) 
?[0m?[0;34m    values
?[0m?[0;34m        (?, ?, ?, ?, ?, ?)
?[0m?[0;34mHibernate: 
?[0m?[0;34m    insert 
?[0m?[0;34m    into
?[0m?[0;34m        recipe_directions
?[0m?[0;34m        (recipe_id, directions) 
?[0m?[0;34m    values
?[0m?[0;34m        (?, ?)
?[0m?[0;34mHibernate: 
?[0m?[0;34m    insert 
?[0m?[0;34m    into
?[0m?[0;34m        recipe_directions
?[0m?[0;34m        (recipe_id, directions) 
?[0m?[0;34m    values
?[0m?[0;34m        (?, ?)
?[0m?[0;34mHibernate: 
?[0m?[0;34m    insert 
?[0m?[0;34m    into
?[0m?[0;34m        recipe_ingredients
?[0m?[0;34m        (recipe_id, ingredients) 
?[0m?[0;34m    values
?[0m?[0;34m        (?, ?)
?[0m?[0;34mHibernate: 
?[0m?[0;34m    insert 
?[0m?[0;34m    into
?[0m?[0;34m        recipe_ingredients
?[0m?[0;34m        (recipe_id, ingredients) 
?[0m?[0;34m    values
?[0m?[0;34m        (?, ?)
?[0m?[0;34mHibernate: 
?[0m?[0;34m    insert 
?[0m?[0;34m    into
?[0m?[0;34m        recipe_ingredients
?[0m?[0;34m        (recipe_id, ingredients) 
?[0m?[0;34m    values
?[0m?[0;34m        (?, ?)
?[1;31m
Start test 35?[0m
?[0m?[0;34mHibernate: 
?[0m?[0;34m    select
?[0m?[0;34m        user0_.email as email1_3_,
?[0m?[0;34m        user0_.password as password2_3_,
?[0m?[0;34m        user0_.role as role3_3_ 
?[0m?[0;34m    from
?[0m?[0;34m        users user0_ 
?[0m?[0;34m    where
?[0m?[0;34m        user0_.email=?
?[0m?[0;34mHibernate: 
?[0m?[0;34m    select
?[0m?[0;34m        recipe0_.id as id1_2_,
?[0m?[0;34m        recipe0_.category as category2_2_,
?[0m?[0;34m        recipe0_.date as date3_2_,
?[0m?[0;34m        recipe0_.description as descript4_2_,
?[0m?[0;34m        recipe0_.name as name5_2_,
?[0m?[0;34m        recipe0_.user_person as user_per6_2_ 
?[0m?[0;34m    from
?[0m?[0;34m        recipes recipe0_ 
?[0m?[0;34m    where
?[0m?[0;34m        upper(recipe0_.category)=upper(?) 
?[0m?[0;34m    order by
?[0m?[0;34m        recipe0_.date desc
?[0m?[0;34mHibernate: 
?[0m?[0;34m    select
?[0m?[0;34m        ingredient0_.recipe_id as recipe_i1_1_0_,
?[0m?[0;34m        ingredient0_.ingredients as ingredie2_1_0_ 
?[0m?[0;34m    from
?[0m?[0;34m        recipe_ingredients ingredient0_ 
?[0m?[0;34m    where
?[0m?[0;34m        ingredient0_.recipe_id=?
?[0m?[0;34mHibernate: 
?[0m?[0;34m    select
?[0m?[0;34m        directions0_.recipe_id as recipe_i1_0_0_,
?[0m?[0;34m        directions0_.directions as directio2_0_0_ 
?[0m?[0;34m    from
?[0m?[0;34m        recipe_directions directions0_ 
?[0m?[0;34m    where
?[0m?[0;34m        directions0_.recipe_id=?
?[0m?[0;34mHibernate: 
?[0m?[0;34m    select
?[0m?[0;34m        ingredient0_.recipe_id as recipe_i1_1_0_,
?[0m?[0;34m        ingredient0_.ingredients as ingredie2_1_0_ 
?[0m?[0;34m    from
?[0m?[0;34m        recipe_ingredients ingredient0_ 
?[0m?[0;34m    where
?[0m?[0;34m        ingredient0_.recipe_id=?
?[0m?[0;34mHibernate: 
?[0m?[0;34m    select
?[0m?[0;34m        directions0_.recipe_id as recipe_i1_0_0_,
?[0m?[0;34m        directions0_.directions as directio2_0_0_ 
?[0m?[0;34m    from
?[0m?[0;34m        recipe_directions directions0_ 
?[0m?[0;34m    where
?[0m?[0;34m        directions0_.recipe_id=?
?[0m?[0;34mHibernate: 
?[0m?[0;34m    select
?[0m?[0;34m        ingredient0_.recipe_id as recipe_i1_1_0_,
?[0m?[0;34m        ingredient0_.ingredients as ingredie2_1_0_ 
?[0m?[0;34m    from
?[0m?[0;34m        recipe_ingredients ingredient0_ 
?[0m?[0;34m    where
?[0m?[0;34m        ingredient0_.recipe_id=?
?[0m?[0;34mHibernate: 
?[0m?[0;34m    select
?[0m?[0;34m        directions0_.recipe_id as recipe_i1_0_0_,
?[0m?[0;34m        directions0_.directions as directio2_0_0_ 
?[0m?[0;34m    from
?[0m?[0;34m        recipe_directions directions0_ 
?[0m?[0;34m    where
?[0m?[0;34m        directions0_.recipe_id=?
?[0m?[0;34mHibernate: 
?[0m?[0;34m    select
?[0m?[0;34m        ingredient0_.recipe_id as recipe_i1_1_0_,
?[0m?[0;34m        ingredient0_.ingredients as ingredie2_1_0_ 
?[0m?[0;34m    from
?[0m?[0;34m        recipe_ingredients ingredient0_ 
?[0m?[0;34m    where
?[0m?[0;34m        ingredient0_.recipe_id=?
?[0m?[0;34mHibernate: 
?[0m?[0;34m    select
?[0m?[0;34m        directions0_.recipe_id as recipe_i1_0_0_,
?[0m?[0;34m        directions0_.directions as directio2_0_0_ 
?[0m?[0;34m    from
?[0m?[0;34m        recipe_directions directions0_ 
?[0m?[0;34m    where
?[0m?[0;34m        directions0_.recipe_id=?
?[0m?[0;34mHibernate: 
?[0m?[0;34m    select
?[0m?[0;34m        ingredient0_.recipe_id as recipe_i1_1_0_,
?[0m?[0;34m        ingredient0_.ingredients as ingredie2_1_0_ 
?[0m?[0;34m    from
?[0m?[0;34m        recipe_ingredients ingredient0_ 
?[0m?[0;34m    where
?[0m?[0;34m        ingredient0_.recipe_id=?
?[0m?[0;34mHibernate: 
?[0m?[0;34m    select
?[0m?[0;34m        directions0_.recipe_id as recipe_i1_0_0_,
?[0m?[0;34m        directions0_.directions as directio2_0_0_ 
?[0m?[0;34m    from
?[0m?[0;34m        recipe_directions directions0_ 
?[0m?[0;34m    where
?[0m?[0;34m        directions0_.recipe_id=?
?[0m?[0;34mHibernate: 
?[0m?[0;34m    select
?[0m?[0;34m        ingredient0_.recipe_id as recipe_i1_1_0_,
?[0m?[0;34m        ingredient0_.ingredients as ingredie2_1_0_ 
?[0m?[0;34m    from
?[0m?[0;34m        recipe_ingredients ingredient0_ 
?[0m?[0;34m    where
?[0m?[0;34m        ingredient0_.recipe_id=?
?[0m?[0;34mHibernate: 
?[0m?[0;34m    select
?[0m?[0;34m        directions0_.recipe_id as recipe_i1_0_0_,
?[0m?[0;34m        directions0_.directions as directio2_0_0_ 
?[0m?[0;34m    from
?[0m?[0;34m        recipe_directions directions0_ 
?[0m?[0;34m    where
?[0m?[0;34m        directions0_.recipe_id=?
?[0m?[0;34mHibernate: 
?[0m?[0;34m    select
?[0m?[0;34m        ingredient0_.recipe_id as recipe_i1_1_0_,
?[0m?[0;34m        ingredient0_.ingredients as ingredie2_1_0_ 
?[0m?[0;34m    from
?[0m?[0;34m        recipe_ingredients ingredient0_ 
?[0m?[0;34m    where
?[0m?[0;34m        ingredient0_.recipe_id=?
?[0m?[0;34mHibernate: 
?[0m?[0;34m    select
?[0m?[0;34m        directions0_.recipe_id as recipe_i1_0_0_,
?[0m?[0;34m        directions0_.directions as directio2_0_0_ 
?[0m?[0;34m    from
?[0m?[0;34m        recipe_directions directions0_ 
?[0m?[0;34m    where
?[0m?[0;34m        directions0_.recipe_id=?
?[1;31m
Start test 36?[0m
?[0m?[0;34mHibernate: 
?[0m?[0;34m    select
?[0m?[0;34m        user0_.email as email1_3_,
?[0m?[0;34m        user0_.password as password2_3_,
?[0m?[0;34m        user0_.role as role3_3_ 
?[0m?[0;34m    from
?[0m?[0;34m        users user0_ 
?[0m?[0;34m    where
?[0m?[0;34m        user0_.email=?
?[0m?[0;34mHibernate: 
?[0m?[0;34m    select
?[0m?[0;34m        recipe0_.id as id1_2_,
?[0m?[0;34m        recipe0_.category as category2_2_,
?[0m?[0;34m        recipe0_.date as date3_2_,
?[0m?[0;34m        recipe0_.description as descript4_2_,
?[0m?[0;34m        recipe0_.name as name5_2_,
?[0m?[0;34m        recipe0_.user_person as user_per6_2_ 
?[0m?[0;34m    from
?[0m?[0;34m        recipes recipe0_ 
?[0m?[0;34m    where
?[0m?[0;34m        upper(recipe0_.name) like upper(?) escape ? 
?[0m?[0;34m    order by
?[0m?[0;34m        recipe0_.date desc
?[0m?[0;34mHibernate: 
?[0m?[0;34m    select
?[0m?[0;34m        ingredient0_.recipe_id as recipe_i1_1_0_,
?[0m?[0;34m        ingredient0_.ingredients as ingredie2_1_0_ 
?[0m?[0;34m    from
?[0m?[0;34m        recipe_ingredients ingredient0_ 
?[0m?[0;34m    where
?[0m?[0;34m        ingredient0_.recipe_id=?
?[0m?[0;34mHibernate: 
?[0m?[0;34m    select
?[0m?[0;34m        directions0_.recipe_id as recipe_i1_0_0_,
?[0m?[0;34m        directions0_.directions as directio2_0_0_ 
?[0m?[0;34m    from
?[0m?[0;34m        recipe_directions directions0_ 
?[0m?[0;34m    where
?[0m?[0;34m        directions0_.recipe_id=?
?[0m?[0;34mHibernate: 
?[0m?[0;34m    select
?[0m?[0;34m        ingredient0_.recipe_id as recipe_i1_1_0_,
?[0m?[0;34m        ingredient0_.ingredients as ingredie2_1_0_ 
?[0m?[0;34m    from
?[0m?[0;34m        recipe_ingredients ingredient0_ 
?[0m?[0;34m    where
?[0m?[0;34m        ingredient0_.recipe_id=?
?[0m?[0;34mHibernate: 
?[0m?[0;34m    select
?[0m?[0;34m        directions0_.recipe_id as recipe_i1_0_0_,
?[0m?[0;34m        directions0_.directions as directio2_0_0_ 
?[0m?[0;34m    from
?[0m?[0;34m        recipe_directions directions0_ 
?[0m?[0;34m    where
?[0m?[0;34m        directions0_.recipe_id=?
?[0m?[0;34mHibernate: 
?[0m?[0;34m    select
?[0m?[0;34m        ingredient0_.recipe_id as recipe_i1_1_0_,
?[0m?[0;34m        ingredient0_.ingredients as ingredie2_1_0_ 
?[0m?[0;34m    from
?[0m?[0;34m        recipe_ingredients ingredient0_ 
?[0m?[0;34m    where
?[0m?[0;34m        ingredient0_.recipe_id=?
?[0m?[0;34mHibernate: 
?[0m?[0;34m    select
?[0m?[0;34m        directions0_.recipe_id as recipe_i1_0_0_,
?[0m?[0;34m        directions0_.directions as directio2_0_0_ 
?[0m?[0;34m    from
?[0m?[0;34m        recipe_directions directions0_ 
?[0m?[0;34m    where
?[0m?[0;34m        directions0_.recipe_id=?
?[0m?[0;34mHibernate: 
?[0m?[0;34m    select
?[0m?[0;34m        ingredient0_.recipe_id as recipe_i1_1_0_,
?[0m?[0;34m        ingredient0_.ingredients as ingredie2_1_0_ 
?[0m?[0;34m    from
?[0m?[0;34m        recipe_ingredients ingredient0_ 
?[0m?[0;34m    where
?[0m?[0;34m        ingredient0_.recipe_id=?
?[0m?[0;34mHibernate: 
?[0m?[0;34m    select
?[0m?[0;34m        directions0_.recipe_id as recipe_i1_0_0_,
?[0m?[0;34m        directions0_.directions as directio2_0_0_ 
?[0m?[0;34m    from
?[0m?[0;34m        recipe_directions directions0_ 
?[0m?[0;34m    where
?[0m?[0;34m        directions0_.recipe_id=?
?[0m?[0;34mHibernate: 
?[0m?[0;34m    select
?[0m?[0;34m        ingredient0_.recipe_id as recipe_i1_1_0_,
?[0m?[0;34m        ingredient0_.ingredients as ingredie2_1_0_ 
?[0m?[0;34m    from
?[0m?[0;34m        recipe_ingredients ingredient0_ 
?[0m?[0;34m    where
?[0m?[0;34m        ingredient0_.recipe_id=?
?[0m?[0;34mHibernate: 
?[0m?[0;34m    select
?[0m?[0;34m        directions0_.recipe_id as recipe_i1_0_0_,
?[0m?[0;34m        directions0_.directions as directio2_0_0_ 
?[0m?[0;34m    from
?[0m?[0;34m        recipe_directions directions0_ 
?[0m?[0;34m    where
?[0m?[0;34m        directions0_.recipe_id=?
?[0m?[0;34mHibernate: 
?[0m?[0;34m    select
?[0m?[0;34m        ingredient0_.recipe_id as recipe_i1_1_0_,
?[0m?[0;34m        ingredient0_.ingredients as ingredie2_1_0_ 
?[0m?[0;34m    from
?[0m?[0;34m        recipe_ingredients ingredient0_ 
?[0m?[0;34m    where
?[0m?[0;34m        ingredient0_.recipe_id=?
?[0m?[0;34mHibernate: 
?[0m?[0;34m    select
?[0m?[0;34m        directions0_.recipe_id as recipe_i1_0_0_,
?[0m?[0;34m        directions0_.directions as directio2_0_0_ 
?[0m?[0;34m    from
?[0m?[0;34m        recipe_directions directions0_ 
?[0m?[0;34m    where
?[0m?[0;34m        directions0_.recipe_id=?
?[1;31m
Start test 37?[0m
?[0m?[0;34mHibernate: 
?[0m?[0;34m    select
?[0m?[0;34m        user0_.email as email1_3_,
?[0m?[0;34m        user0_.password as password2_3_,
?[0m?[0;34m        user0_.role as role3_3_ 
?[0m?[0;34m    from
?[0m?[0;34m        users user0_ 
?[0m?[0;34m    where
?[0m?[0;34m        user0_.email=?
?[0m?[0;34mHibernate: 
?[0m?[0;34m    select
?[0m?[0;34m        recipe0_.id as id1_2_,
?[0m?[0;34m        recipe0_.category as category2_2_,
?[0m?[0;34m        recipe0_.date as date3_2_,
?[0m?[0;34m        recipe0_.description as descript4_2_,
?[0m?[0;34m        recipe0_.name as name5_2_,
?[0m?[0;34m        recipe0_.user_person as user_per6_2_ 
?[0m?[0;34m    from
?[0m?[0;34m        recipes recipe0_ 
?[0m?[0;34m    where
?[0m?[0;34m        upper(recipe0_.category)=upper(?) 
?[0m?[0;34m    order by
?[0m?[0;34m        recipe0_.date desc
?[1;31m
Start test 38?[0m
?[0m?[0;34mHibernate: 
?[0m?[0;34m    select
?[0m?[0;34m        user0_.email as email1_3_,
?[0m?[0;34m        user0_.password as password2_3_,
?[0m?[0;34m        user0_.role as role3_3_ 
?[0m?[0;34m    from
?[0m?[0;34m        users user0_ 
?[0m?[0;34m    where
?[0m?[0;34m        user0_.email=?
?[0m?[0;34mHibernate: 
?[0m?[0;34m    select
?[0m?[0;34m        recipe0_.id as id1_2_,
?[0m?[0;34m        recipe0_.category as category2_2_,
?[0m?[0;34m        recipe0_.date as date3_2_,
?[0m?[0;34m        recipe0_.description as descript4_2_,
?[0m?[0;34m        recipe0_.name as name5_2_,
?[0m?[0;34m        recipe0_.user_person as user_per6_2_ 
?[0m?[0;34m    from
?[0m?[0;34m        recipes recipe0_ 
?[0m?[0;34m    where
?[0m?[0;34m        upper(recipe0_.name) like upper(?) escape ? 
?[0m?[0;34m    order by
?[0m?[0;34m        recipe0_.date desc
?[1;31m
Start test 39?[0m
?[0m?[0;34mHibernate: 
?[0m?[0;34m    select
?[0m?[0;34m        user0_.email as email1_3_,
?[0m?[0;34m        user0_.password as password2_3_,
?[0m?[0;34m        user0_.role as role3_3_ 
?[0m?[0;34m    from
?[0m?[0;34m        users user0_ 
?[0m?[0;34m    where
?[0m?[0;34m        user0_.email=?
?[1;31m
Start test 40?[0m
?[0m?[0;34mHibernate: 
?[0m?[0;34m    select
?[0m?[0;34m        user0_.email as email1_3_,
?[0m?[0;34m        user0_.password as password2_3_,
?[0m?[0;34m        user0_.role as role3_3_ 
?[0m?[0;34m    from
?[0m?[0;34m        users user0_ 
?[0m?[0;34m    where
?[0m?[0;34m        user0_.email=?
?[1;31m
Start test 41?[0m
?[0m?[0;34mHibernate: 
?[0m?[0;34m    select
?[0m?[0;34m        user0_.email as email1_3_,
?[0m?[0;34m        user0_.password as password2_3_,
?[0m?[0;34m        user0_.role as role3_3_ 
?[0m?[0;34m    from
?[0m?[0;34m        users user0_ 
?[0m?[0;34m    where
?[0m?[0;34m        user0_.email=?
?[1;31m
Start test 42?[0m
?[0m?[0;34mHibernate: 
?[0m?[0;34m    select
?[0m?[0;34m        user0_.email as email1_3_,
?[0m?[0;34m        user0_.password as password2_3_,
?[0m?[0;34m        user0_.role as role3_3_ 
?[0m?[0;34m    from
?[0m?[0;34m        users user0_ 
?[0m?[0;34m    where
?[0m?[0;34m        user0_.email=?
?[1;31m
Start test 43?[0m
?[0m?[0;34mHibernate: 
?[0m?[0;34m    select
?[0m?[0;34m        user0_.email as email1_3_,
?[0m?[0;34m        user0_.password as password2_3_,
?[0m?[0;34m        user0_.role as role3_3_ 
?[0m?[0;34m    from
?[0m?[0;34m        users user0_ 
?[0m?[0;34m    where
?[0m?[0;34m        user0_.email=?
?[0m?[0;34m2023-02-14 15:22:19.941  WARN 56839 --- [io-8881-exec-10] .w.s.m.s.DefaultHandlerExceptionResolver : Resolved [org.springframework.web.bind.MethodArgumentNotValidException: Validation failed for argument [0] in public org.springframework.http.ResponseEntity<java.util.Map<java.lang.String, java.lang.Long>> recipes.RecipeController.addRecipe(recipes.Recipe,org.springframework.security.core.userdetails.UserDetails): [Field error in object 'recipe' on field 'name': rejected value [null]; codes [NotBlank.recipe.name,NotBlank.name,NotBlank.java.lang.String,NotBlank]; arguments [org.springframework.context.support.DefaultMessageSourceResolvable: codes [recipe.name,name]; arguments []; default message [name]]; default message [must not be blank]] ]
?[1;31m
Start test 44?[0m
?[0m?[0;34mHibernate: 
?[0m?[0;34m    select
?[0m?[0;34m        user0_.email as email1_3_,
?[0m?[0;34m        user0_.password as password2_3_,
?[0m?[0;34m        user0_.role as role3_3_ 
?[0m?[0;34m    from
?[0m?[0;34m        users user0_ 
?[0m?[0;34m    where
?[0m?[0;34m        user0_.email=?
?[0m?[0;34m2023-02-14 15:22:20.148  WARN 56839 --- [nio-8881-exec-6] .w.s.m.s.DefaultHandlerExceptionResolver : Resolved [org.springframework.web.bind.MethodArgumentNotValidException: Validation failed for argument [0] in public org.springframework.http.ResponseEntity<java.util.Map<java.lang.String, java.lang.Long>> recipes.RecipeController.addRecipe(recipes.Recipe,org.springframework.security.core.userdetails.UserDetails): [Field error in object 'recipe' on field 'category': rejected value [null]; codes [NotBlank.recipe.category,NotBlank.category,NotBlank.java.lang.String,NotBlank]; arguments [org.springframework.context.support.DefaultMessageSourceResolvable: codes [recipe.category,category]; arguments []; default message [category]]; default message [must not be blank]] ]
?[1;31m
Start test 45?[0m
?[0m?[0;34mHibernate: 
?[0m?[0;34m    select
?[0m?[0;34m        user0_.email as email1_3_,
?[0m?[0;34m        user0_.password as password2_3_,
?[0m?[0;34m        user0_.role as role3_3_ 
?[0m?[0;34m    from
?[0m?[0;34m        users user0_ 
?[0m?[0;34m    where
?[0m?[0;34m        user0_.email=?
?[0m?[0;34m2023-02-14 15:22:20.359  WARN 56839 --- [nio-8881-exec-8] .w.s.m.s.DefaultHandlerExceptionResolver : Resolved [org.springframework.web.bind.MethodArgumentNotValidException: Validation failed for argument [0] in public org.springframework.http.ResponseEntity<java.util.Map<java.lang.String, java.lang.Long>> recipes.RecipeController.addRecipe(recipes.Recipe,org.springframework.security.core.userdetails.UserDetails): [Field error in object 'recipe' on field 'description': rejected value [null]; codes [NotBlank.recipe.description,NotBlank.description,NotBlank.java.lang.String,NotBlank]; arguments [org.springframework.context.support.DefaultMessageSourceResolvable: codes [recipe.description,description]; arguments []; default message [description]]; default message [must not be blank]] ]
?[1;31m
Start test 46?[0m
?[0m?[0;34mHibernate: 
?[0m?[0;34m    select
?[0m?[0;34m        user0_.email as email1_3_,
?[0m?[0;34m        user0_.password as password2_3_,
?[0m?[0;34m        user0_.role as role3_3_ 
?[0m?[0;34m    from
?[0m?[0;34m        users user0_ 
?[0m?[0;34m    where
?[0m?[0;34m        user0_.email=?
?[0m?[0;34m2023-02-14 15:22:20.609  WARN 56839 --- [nio-8881-exec-3] .w.s.m.s.DefaultHandlerExceptionResolver : Resolved [org.springframework.web.bind.MethodArgumentNotValidException: Validation failed for argument [0] in public org.springframework.http.ResponseEntity<java.util.Map<java.lang.String, java.lang.Long>> recipes.RecipeController.addRecipe(recipes.Recipe,org.springframework.security.core.userdetails.UserDetails): [Field error in object 'recipe' on field 'ingredients': rejected value [null]; codes [NotEmpty.recipe.ingredients,NotEmpty.ingredients,NotEmpty.java.util.List,NotEmpty]; arguments [org.springframework.context.support.DefaultMessageSourceResolvable: codes [recipe.ingredients,ingredients]; arguments []; default message [ingredients]]; default message [must not be empty]] ]
?[1;31m
Start test 47?[0m
?[0m?[0;34mHibernate: 
?[0m?[0;34m    select
?[0m?[0;34m        user0_.email as email1_3_,
?[0m?[0;34m        user0_.password as password2_3_,
?[0m?[0;34m        user0_.role as role3_3_ 
?[0m?[0;34m    from
?[0m?[0;34m        users user0_ 
?[0m?[0;34m    where
?[0m?[0;34m        user0_.email=?
?[0m?[0;34m2023-02-14 15:22:20.833  WARN 56839 --- [nio-8881-exec-1] .w.s.m.s.DefaultHandlerExceptionResolver : Resolved [org.springframework.web.bind.MethodArgumentNotValidException: Validation failed for argument [0] in public org.springframework.http.ResponseEntity<java.util.Map<java.lang.String, java.lang.Long>> recipes.RecipeController.addRecipe(recipes.Recipe,org.springframework.security.core.userdetails.UserDetails): [Field error in object 'recipe' on field 'directions': rejected value [null]; codes [NotEmpty.recipe.directions,NotEmpty.directions,NotEmpty.java.util.List,NotEmpty]; arguments [org.springframework.context.support.DefaultMessageSourceResolvable: codes [recipe.directions,directions]; arguments []; default message [directions]]; default message [must not be empty]] ]
?[1;31m
Start test 48?[0m
?[0m?[0;34mHibernate: 
?[0m?[0;34m    select
?[0m?[0;34m        user0_.email as email1_3_,
?[0m?[0;34m        user0_.password as password2_3_,
?[0m?[0;34m        user0_.role as role3_3_ 
?[0m?[0;34m    from
?[0m?[0;34m        users user0_ 
?[0m?[0;34m    where
?[0m?[0;34m        user0_.email=?
?[0m?[0;34m2023-02-14 15:22:21.069  WARN 56839 --- [nio-8881-exec-2] .w.s.m.s.DefaultHandlerExceptionResolver : Resolved [org.springframework.web.bind.MethodArgumentNotValidException: Validation failed for argument [0] in public org.springframework.http.ResponseEntity<java.util.Map<java.lang.String, java.lang.Long>> recipes.RecipeController.addRecipe(recipes.Recipe,org.springframework.security.core.userdetails.UserDetails): [Field error in object 'recipe' on field 'name': rejected value [  ]; codes [NotBlank.recipe.name,NotBlank.name,NotBlank.java.lang.String,NotBlank]; arguments [org.springframework.context.support.DefaultMessageSourceResolvable: codes [recipe.name,name]; arguments []; default message [name]]; default message [must not be blank]] ]
?[1;31m
Start test 49?[0m
?[0m?[0;34mHibernate: 
?[0m?[0;34m    select
?[0m?[0;34m        user0_.email as email1_3_,
?[0m?[0;34m        user0_.password as password2_3_,
?[0m?[0;34m        user0_.role as role3_3_ 
?[0m?[0;34m    from
?[0m?[0;34m        users user0_ 
?[0m?[0;34m    where
?[0m?[0;34m        user0_.email=?
?[0m?[0;34m2023-02-14 15:22:21.309  WARN 56839 --- [nio-8881-exec-5] .w.s.m.s.DefaultHandlerExceptionResolver : Resolved [org.springframework.web.bind.MethodArgumentNotValidException: Validation failed for argument [0] in public org.springframework.http.ResponseEntity<java.util.Map<java.lang.String, java.lang.Long>> recipes.RecipeController.addRecipe(recipes.Recipe,org.springframework.security.core.userdetails.UserDetails): [Field error in object 'recipe' on field 'category': rejected value [  ]; codes [NotBlank.recipe.category,NotBlank.category,NotBlank.java.lang.String,NotBlank]; arguments [org.springframework.context.support.DefaultMessageSourceResolvable: codes [recipe.category,category]; arguments []; default message [category]]; default message [must not be blank]] ]
?[1;31m
Start test 50?[0m
?[0m?[0;34mHibernate: 
?[0m?[0;34m    select
?[0m?[0;34m        user0_.email as email1_3_,
?[0m?[0;34m        user0_.password as password2_3_,
?[0m?[0;34m        user0_.role as role3_3_ 
?[0m?[0;34m    from
?[0m?[0;34m        users user0_ 
?[0m?[0;34m    where
?[0m?[0;34m        user0_.email=?
?[0m?[0;34m2023-02-14 15:22:21.552  WARN 56839 --- [nio-8881-exec-4] .w.s.m.s.DefaultHandlerExceptionResolver : Resolved [org.springframework.web.bind.MethodArgumentNotValidException: Validation failed for argument [0] in public org.springframework.http.ResponseEntity<java.util.Map<java.lang.String, java.lang.Long>> recipes.RecipeController.addRecipe(recipes.Recipe,org.springframework.security.core.userdetails.UserDetails): [Field error in object 'recipe' on field 'description': rejected value [  ]; codes [NotBlank.recipe.description,NotBlank.description,NotBlank.java.lang.String,NotBlank]; arguments [org.springframework.context.support.DefaultMessageSourceResolvable: codes [recipe.description,description]; arguments []; default message [description]]; default message [must not be blank]] ]
?[1;31m
Start test 51?[0m
?[0m?[0;34mHibernate: 
?[0m?[0;34m    select
?[0m?[0;34m        user0_.email as email1_3_,
?[0m?[0;34m        user0_.password as password2_3_,
?[0m?[0;34m        user0_.role as role3_3_ 
?[0m?[0;34m    from
?[0m?[0;34m        users user0_ 
?[0m?[0;34m    where
?[0m?[0;34m        user0_.email=?
?[0m?[0;34m2023-02-14 15:22:21.815  WARN 56839 --- [nio-8881-exec-7] .w.s.m.s.DefaultHandlerExceptionResolver : Resolved [org.springframework.web.bind.MethodArgumentNotValidException: Validation failed for argument [0] in public org.springframework.http.ResponseEntity<java.util.Map<java.lang.String, java.lang.Long>> recipes.RecipeController.addRecipe(recipes.Recipe,org.springframework.security.core.userdetails.UserDetails): [Field error in object 'recipe' on field 'ingredients': rejected value [[]]; codes [NotEmpty.recipe.ingredients,NotEmpty.ingredients,NotEmpty.java.util.List,NotEmpty]; arguments [org.springframework.context.support.DefaultMessageSourceResolvable: codes [recipe.ingredients,ingredients]; arguments []; default message [ingredients]]; default message [must not be empty]] ]
?[1;31m
Start test 52?[0m
?[0m?[0;34mHibernate: 
?[0m?[0;34m    select
?[0m?[0;34m        user0_.email as email1_3_,
?[0m?[0;34m        user0_.password as password2_3_,
?[0m?[0;34m        user0_.role as role3_3_ 
?[0m?[0;34m    from
?[0m?[0;34m        users user0_ 
?[0m?[0;34m    where
?[0m?[0;34m        user0_.email=?
?[0m?[0;34m2023-02-14 15:22:22.084  WARN 56839 --- [io-8881-exec-10] .w.s.m.s.DefaultHandlerExceptionResolver : Resolved [org.springframework.web.bind.MethodArgumentNotValidException: Validation failed for argument [0] in public org.springframework.http.ResponseEntity<java.util.Map<java.lang.String, java.lang.Long>> recipes.RecipeController.addRecipe(recipes.Recipe,org.springframework.security.core.userdetails.UserDetails): [Field error in object 'recipe' on field 'directions': rejected value [[]]; codes [NotEmpty.recipe.directions,NotEmpty.directions,NotEmpty.java.util.List,NotEmpty]; arguments [org.springframework.context.support.DefaultMessageSourceResolvable: codes [recipe.directions,directions]; arguments []; default message [directions]]; default message [must not be empty]] ]
?[1;31m
Start test 53?[0m
?[0m?[0;34mHibernate: 
?[0m?[0;34m    select
?[0m?[0;34m        user0_.email as email1_3_,
?[0m?[0;34m        user0_.password as password2_3_,
?[0m?[0;34m        user0_.role as role3_3_ 
?[0m?[0;34m    from
?[0m?[0;34m        users user0_ 
?[0m?[0;34m    where
?[0m?[0;34m        user0_.email=?
?[0m?[0;34m2023-02-14 15:22:22.632  WARN 56839 --- [nio-8881-exec-6] .w.s.m.s.DefaultHandlerExceptionResolver : Resolved [org.springframework.web.bind.MethodArgumentNotValidException: Validation failed for argument [0] in public org.springframework.http.ResponseEntity<?> recipes.RecipeController.editRecipe(recipes.Recipe,java.lang.Long,org.springframework.security.core.userdetails.UserDetails): [Field error in object 'recipe' on field 'name': rejected value [null]; codes [NotBlank.recipe.name,NotBlank.name,NotBlank.java.lang.String,NotBlank]; arguments [org.springframework.context.support.DefaultMessageSourceResolvable: codes [recipe.name,name]; arguments []; default message [name]]; default message [must not be blank]] ]
?[1;31m
Start test 54?[0m
?[0m?[0;34mHibernate: 
?[0m?[0;34m    select
?[0m?[0;34m        user0_.email as email1_3_,
?[0m?[0;34m        user0_.password as password2_3_,
?[0m?[0;34m        user0_.role as role3_3_ 
?[0m?[0;34m    from
?[0m?[0;34m        users user0_ 
?[0m?[0;34m    where
?[0m?[0;34m        user0_.email=?
?[0m?[0;34m2023-02-14 15:22:23.152  WARN 56839 --- [nio-8881-exec-8] .w.s.m.s.DefaultHandlerExceptionResolver : Resolved [org.springframework.web.bind.MethodArgumentNotValidException: Validation failed for argument [0] in public org.springframework.http.ResponseEntity<?> recipes.RecipeController.editRecipe(recipes.Recipe,java.lang.Long,org.springframework.security.core.userdetails.UserDetails): [Field error in object 'recipe' on field 'category': rejected value [null]; codes [NotBlank.recipe.category,NotBlank.category,NotBlank.java.lang.String,NotBlank]; arguments [org.springframework.context.support.DefaultMessageSourceResolvable: codes [recipe.category,category]; arguments []; default message [category]]; default message [must not be blank]] ]
?[1;31m
Start test 55?[0m
?[0m?[0;34mHibernate: 
?[0m?[0;34m    select
?[0m?[0;34m        user0_.email as email1_3_,
?[0m?[0;34m        user0_.password as password2_3_,
?[0m?[0;34m        user0_.role as role3_3_ 
?[0m?[0;34m    from
?[0m?[0;34m        users user0_ 
?[0m?[0;34m    where
?[0m?[0;34m        user0_.email=?
?[0m?[0;34m2023-02-14 15:22:23.528  WARN 56839 --- [nio-8881-exec-9] .w.s.m.s.DefaultHandlerExceptionResolver : Resolved [org.springframework.web.bind.MethodArgumentNotValidException: Validation failed for argument [0] in public org.springframework.http.ResponseEntity<?> recipes.RecipeController.editRecipe(recipes.Recipe,java.lang.Long,org.springframework.security.core.userdetails.UserDetails): [Field error in object 'recipe' on field 'description': rejected value [null]; codes [NotBlank.recipe.description,NotBlank.description,NotBlank.java.lang.String,NotBlank]; arguments [org.springframework.context.support.DefaultMessageSourceResolvable: codes [recipe.description,description]; arguments []; default message [description]]; default message [must not be blank]] ]
?[1;31m
Start test 56?[0m
?[0m?[0;34mHibernate: 
?[0m?[0;34m    select
?[0m?[0;34m        user0_.email as email1_3_,
?[0m?[0;34m        user0_.password as password2_3_,
?[0m?[0;34m        user0_.role as role3_3_ 
?[0m?[0;34m    from
?[0m?[0;34m        users user0_ 
?[0m?[0;34m    where
?[0m?[0;34m        user0_.email=?
?[0m?[0;34m2023-02-14 15:22:23.893  WARN 56839 --- [nio-8881-exec-3] .w.s.m.s.DefaultHandlerExceptionResolver : Resolved [org.springframework.web.bind.MethodArgumentNotValidException: Validation failed for argument [0] in public org.springframework.http.ResponseEntity<?> recipes.RecipeController.editRecipe(recipes.Recipe,java.lang.Long,org.springframework.security.core.userdetails.UserDetails): [Field error in object 'recipe' on field 'ingredients': rejected value [null]; codes [NotEmpty.recipe.ingredients,NotEmpty.ingredients,NotEmpty.java.util.List,NotEmpty]; arguments [org.springframework.context.support.DefaultMessageSourceResolvable: codes [recipe.ingredients,ingredients]; arguments []; default message [ingredients]]; default message [must not be empty]] ]
?[1;31m
Start test 57?[0m
?[0m?[0;34mHibernate: 
?[0m?[0;34m    select
?[0m?[0;34m        user0_.email as email1_3_,
?[0m?[0;34m        user0_.password as password2_3_,
?[0m?[0;34m        user0_.role as role3_3_ 
?[0m?[0;34m    from
?[0m?[0;34m        users user0_ 
?[0m?[0;34m    where
?[0m?[0;34m        user0_.email=?
?[0m?[0;34m2023-02-14 15:22:24.186  WARN 56839 --- [nio-8881-exec-1] .w.s.m.s.DefaultHandlerExceptionResolver : Resolved [org.springframework.web.bind.MethodArgumentNotValidException: Validation failed for argument [0] in public org.springframework.http.ResponseEntity<?> recipes.RecipeController.editRecipe(recipes.Recipe,java.lang.Long,org.springframework.security.core.userdetails.UserDetails): [Field error in object 'recipe' on field 'directions': rejected value [null]; codes [NotEmpty.recipe.directions,NotEmpty.directions,NotEmpty.java.util.List,NotEmpty]; arguments [org.springframework.context.support.DefaultMessageSourceResolvable: codes [recipe.directions,directions]; arguments []; default message [directions]]; default message [must not be empty]] ]
?[1;31m
Start test 58?[0m
?[0m?[0;34mHibernate: 
?[0m?[0;34m    select
?[0m?[0;34m        user0_.email as email1_3_,
?[0m?[0;34m        user0_.password as password2_3_,
?[0m?[0;34m        user0_.role as role3_3_ 
?[0m?[0;34m    from
?[0m?[0;34m        users user0_ 
?[0m?[0;34m    where
?[0m?[0;34m        user0_.email=?
?[0m?[0;34m2023-02-14 15:22:24.516  WARN 56839 --- [nio-8881-exec-2] .w.s.m.s.DefaultHandlerExceptionResolver : Resolved [org.springframework.web.bind.MethodArgumentNotValidException: Validation failed for argument [0] in public org.springframework.http.ResponseEntity<?> recipes.RecipeController.editRecipe(recipes.Recipe,java.lang.Long,org.springframework.security.core.userdetails.UserDetails): [Field error in object 'recipe' on field 'name': rejected value [  ]; codes [NotBlank.recipe.name,NotBlank.name,NotBlank.java.lang.String,NotBlank]; arguments [org.springframework.context.support.DefaultMessageSourceResolvable: codes [recipe.name,name]; arguments []; default message [name]]; default message [must not be blank]] ]
?[1;31m
Start test 59?[0m
?[0m?[0;34mHibernate: 
?[0m?[0;34m    select
?[0m?[0;34m        user0_.email as email1_3_,
?[0m?[0;34m        user0_.password as password2_3_,
?[0m?[0;34m        user0_.role as role3_3_ 
?[0m?[0;34m    from
?[0m?[0;34m        users user0_ 
?[0m?[0;34m    where
?[0m?[0;34m        user0_.email=?
?[0m?[0;34m2023-02-14 15:22:24.972  WARN 56839 --- [nio-8881-exec-5] .w.s.m.s.DefaultHandlerExceptionResolver : Resolved [org.springframework.web.bind.MethodArgumentNotValidException: Validation failed for argument [0] in public org.springframework.http.ResponseEntity<?> recipes.RecipeController.editRecipe(recipes.Recipe,java.lang.Long,org.springframework.security.core.userdetails.UserDetails): [Field error in object 'recipe' on field 'category': rejected value [  ]; codes [NotBlank.recipe.category,NotBlank.category,NotBlank.java.lang.String,NotBlank]; arguments [org.springframework.context.support.DefaultMessageSourceResolvable: codes [recipe.category,category]; arguments []; default message [category]]; default message [must not be blank]] ]
?[1;31m
Start test 60?[0m
?[0m?[0;34mHibernate: 
?[0m?[0;34m    select
?[0m?[0;34m        user0_.email as email1_3_,
?[0m?[0;34m        user0_.password as password2_3_,
?[0m?[0;34m        user0_.role as role3_3_ 
?[0m?[0;34m    from
?[0m?[0;34m        users user0_ 
?[0m?[0;34m    where
?[0m?[0;34m        user0_.email=?
?[0m?[0;34m2023-02-14 15:22:25.454  WARN 56839 --- [nio-8881-exec-4] .w.s.m.s.DefaultHandlerExceptionResolver : Resolved [org.springframework.web.bind.MethodArgumentNotValidException: Validation failed for argument [0] in public org.springframework.http.ResponseEntity<?> recipes.RecipeController.editRecipe(recipes.Recipe,java.lang.Long,org.springframework.security.core.userdetails.UserDetails): [Field error in object 'recipe' on field 'description': rejected value [  ]; codes [NotBlank.recipe.description,NotBlank.description,NotBlank.java.lang.String,NotBlank]; arguments [org.springframework.context.support.DefaultMessageSourceResolvable: codes [recipe.description,description]; arguments []; default message [description]]; default message [must not be blank]] ]
?[1;31m
Start test 61?[0m
?[0m?[0;34mHibernate: 
?[0m?[0;34m    select
?[0m?[0;34m        user0_.email as email1_3_,
?[0m?[0;34m        user0_.password as password2_3_,
?[0m?[0;34m        user0_.role as role3_3_ 
?[0m?[0;34m    from
?[0m?[0;34m        users user0_ 
?[0m?[0;34m    where
?[0m?[0;34m        user0_.email=?
?[0m?[0;34m2023-02-14 15:22:25.960  WARN 56839 --- [nio-8881-exec-7] .w.s.m.s.DefaultHandlerExceptionResolver : Resolved [org.springframework.web.bind.MethodArgumentNotValidException: Validation failed for argument [0] in public org.springframework.http.ResponseEntity<?> recipes.RecipeController.editRecipe(recipes.Recipe,java.lang.Long,org.springframework.security.core.userdetails.UserDetails): [Field error in object 'recipe' on field 'ingredients': rejected value [[]]; codes [NotEmpty.recipe.ingredients,NotEmpty.ingredients,NotEmpty.java.util.List,NotEmpty]; arguments [org.springframework.context.support.DefaultMessageSourceResolvable: codes [recipe.ingredients,ingredients]; arguments []; default message [ingredients]]; default message [must not be empty]] ]
?[1;31m
Start test 62?[0m
?[0m?[0;34mHibernate: 
?[0m?[0;34m    select
?[0m?[0;34m        user0_.email as email1_3_,
?[0m?[0;34m        user0_.password as password2_3_,
?[0m?[0;34m        user0_.role as role3_3_ 
?[0m?[0;34m    from
?[0m?[0;34m        users user0_ 
?[0m?[0;34m    where
?[0m?[0;34m        user0_.email=?
?[0m?[0;34m2023-02-14 15:22:26.384  WARN 56839 --- [io-8881-exec-10] .w.s.m.s.DefaultHandlerExceptionResolver : Resolved [org.springframework.web.bind.MethodArgumentNotValidException: Validation failed for argument [0] in public org.springframework.http.ResponseEntity<?> recipes.RecipeController.editRecipe(recipes.Recipe,java.lang.Long,org.springframework.security.core.userdetails.UserDetails): [Field error in object 'recipe' on field 'directions': rejected value [[]]; codes [NotEmpty.recipe.directions,NotEmpty.directions,NotEmpty.java.util.List,NotEmpty]; arguments [org.springframework.context.support.DefaultMessageSourceResolvable: codes [recipe.directions,directions]; arguments []; default message [directions]]; default message [must not be empty]] ]
?[1;31m
Start test 63?[0m
?[0;34m2023-02-14 15:22:29.979  INFO 56839 --- [       Thread-6] j.LocalContainerEntityManagerFactoryBean : Closing JPA EntityManagerFactory for persistence unit 'default'
?[0m?[0;34m2023-02-14 15:22:30.006  INFO 56839 --- [       Thread-6] com.zaxxer.hikari.HikariDataSource       : HikariPool-2 - Shutdown initiated...
?[0m?[0;34m2023-02-14 15:22:30.016  INFO 56839 --- [       Thread-6] com.zaxxer.hikari.HikariDataSource       : HikariPool-2 - Shutdown completed.
?[0;34m
?[0m?[0;34m  .   ____          _            __ _ _
?[0m?[0;34m /\\ / ___'_ __ _ _(_)_ __  __ _ \ \ \ \
?[0m?[0;34m( ( )\___ | '_ | '_| | '_ \/ _` | \ \ \ \
?[0m?[0;34m \\/  ___)| |_)| | | | | || (_| |  ) ) ) )
?[0m?[0;34m  '  |____| .__|_| |_|_| |_\__, | / / / /
?[0m?[0;34m =========|_|==============|___/=/_/_/_/
?[0m?[0;34m :: Spring Boot ::                (v2.5.6)
?[0m?[0;34m
?[0m?[0;34m2023-02-14 15:22:41.878  INFO 56839 --- [    Test worker] recipes.RecipesApplication               : Starting RecipesApplication using Java 17.0.6 on EDCMXAPLT0640.local with PID 56839 (started by reginaespinosa in /Users/reginaespinosa/Documents/GitHub/Recipes/Recipes/task)
?[0m?[0;34m2023-02-14 15:22:41.879  INFO 56839 --- [    Test worker] recipes.RecipesApplication               : No active profile set, falling back to default profiles: default
?[0m?[0;34m2023-02-14 15:22:42.246  INFO 56839 --- [    Test worker] .s.d.r.c.RepositoryConfigurationDelegate : Bootstrapping Spring Data JPA repositories in DEFAULT mode.
?[0m?[0;34m2023-02-14 15:22:42.260  INFO 56839 --- [    Test worker] .s.d.r.c.RepositoryConfigurationDelegate : Finished Spring Data repository scanning in 13 ms. Found 2 JPA repository interfaces.
?[0m?[0;34m2023-02-14 15:22:42.401  INFO 56839 --- [    Test worker] o.s.b.w.embedded.tomcat.TomcatWebServer  : Tomcat initialized with port(s): 8881 (http)
?[0m?[0;34m2023-02-14 15:22:42.403  INFO 56839 --- [    Test worker] o.apache.catalina.core.StandardService   : Starting service [Tomcat]
?[0m?[0;34m2023-02-14 15:22:42.403  INFO 56839 --- [    Test worker] org.apache.catalina.core.StandardEngine  : Starting Servlet engine: [Apache Tomcat/9.0.54]
?[0m?[0;34m2023-02-14 15:22:42.451  INFO 56839 --- [    Test worker] o.a.c.c.C.[Tomcat].[localhost].[/]       : Initializing Spring embedded WebApplicationContext
?[0m?[0;34m2023-02-14 15:22:42.451  INFO 56839 --- [    Test worker] w.s.c.ServletWebServerApplicationContext : Root WebApplicationContext: initialization completed in 568 ms
?[0m?[0;34m2023-02-14 15:22:42.577  INFO 56839 --- [    Test worker] o.hibernate.jpa.internal.util.LogHelper  : HHH000204: Processing PersistenceUnitInfo [name: default]
?[0m?[0;34m2023-02-14 15:22:42.582  INFO 56839 --- [    Test worker] com.zaxxer.hikari.HikariDataSource       : HikariPool-3 - Starting...
?[0m?[0;34m2023-02-14 15:22:42.596  INFO 56839 --- [    Test worker] com.zaxxer.hikari.HikariDataSource       : HikariPool-3 - Start completed.
?[0m?[0;34m2023-02-14 15:22:42.597  INFO 56839 --- [    Test worker] org.hibernate.dialect.Dialect            : HHH000400: Using dialect: org.hibernate.dialect.PostgreSQLDialect
?[0m?[0;34m2023-02-14 15:22:42.818  INFO 56839 --- [    Test worker] o.h.e.t.j.p.i.JtaPlatformInitiator       : HHH000490: Using JtaPlatform implementation: [org.hibernate.engine.transaction.jta.platform.internal.NoJtaPlatform]
?[0m?[0;34m2023-02-14 15:22:42.819  INFO 56839 --- [    Test worker] j.LocalContainerEntityManagerFactoryBean : Initialized JPA EntityManagerFactory for persistence unit 'default'
?[0m?[0;34m2023-02-14 15:22:42.957  WARN 56839 --- [    Test worker] JpaBaseConfiguration$JpaWebConfiguration : spring.jpa.open-in-view is enabled by default. Therefore, database queries may be performed during view rendering. Explicitly configure spring.jpa.open-in-view to disable this warning
?[0m?[0;34m2023-02-14 15:22:43.138  INFO 56839 --- [    Test worker] o.s.b.a.e.web.EndpointLinksResolver      : Exposing 14 endpoint(s) beneath base path '/actuator'
?[0m?[0;34m2023-02-14 15:22:43.156  INFO 56839 --- [    Test worker] o.s.s.web.DefaultSecurityFilterChain     : Will secure any request with [org.springframework.security.web.context.request.async.WebAsyncManagerIntegrationFilter@48446968, org.springframework.security.web.context.SecurityContextPersistenceFilter@648ec9f4, org.springframework.security.web.header.HeaderWriterFilter@654322b0, org.springframework.security.web.authentication.logout.LogoutFilter@15cba6dc, org.springframework.security.web.authentication.www.BasicAuthenticationFilter@7d727123, org.springframework.security.web.savedrequest.RequestCacheAwareFilter@158119bf, org.springframework.security.web.servletapi.SecurityContextHolderAwareRequestFilter@69abff1d, org.springframework.security.web.authentication.AnonymousAuthenticationFilter@7ddf7e77, org.springframework.security.web.session.SessionManagementFilter@6d9069ab, org.springframework.security.web.access.ExceptionTranslationFilter@1eedf268, org.springframework.security.web.access.intercept.FilterSecurityInterceptor@2db15764]
?[0m?[0;34m2023-02-14 15:22:43.279  INFO 56839 --- [    Test worker] o.s.b.w.embedded.tomcat.TomcatWebServer  : Tomcat started on port(s): 8881 (http) with context path ''
?[0m?[0;34m2023-02-14 15:22:43.292  INFO 56839 --- [    Test worker] recipes.RecipesApplication               : Started RecipesApplication in 6.457 seconds (JVM running for 107.859)
?[0m?[1;31m
Start test 64?[0m
?[0;34m2023-02-14 15:22:43.302  INFO 56839 --- [nio-8881-exec-1] o.a.c.c.C.[Tomcat].[localhost].[/]       : Initializing Spring DispatcherServlet 'dispatcherServlet'
?[0m?[0;34m2023-02-14 15:22:43.302  INFO 56839 --- [nio-8881-exec-1] o.s.web.servlet.DispatcherServlet        : Initializing Servlet 'dispatcherServlet'
?[0m?[0;34m2023-02-14 15:22:43.305  INFO 56839 --- [nio-8881-exec-1] o.s.web.servlet.DispatcherServlet        : Completed initialization in 3 ms
?[0m?[0;34mHibernate: 
?[0m?[0;34m    select
?[0m?[0;34m        user0_.email as email1_3_,
?[0m?[0;34m        user0_.password as password2_3_,
?[0m?[0;34m        user0_.role as role3_3_ 
?[0m?[0;34m    from
?[0m?[0;34m        users user0_ 
?[0m?[0;34m    where
?[0m?[0;34m        user0_.email=?
?[0m?[0;34mRecipe(id=null, name=Fresh Mint Tea /Test, description=Light, aromatic and refreshing beverage, ... /Test, ingredients=[boiled water, honey, fresh mint leaves /Test], directions=[Boil water, Pour boiling hot water into a mug, Add fresh mint leaves, Mix and let the mint leaves seep for 3-5 minutes, Add honey and mix again /Test], category=beverage /Test, date=null, userPerson=LoginTest1@test.com)
?[0m?[0;34mHibernate: 
?[0m?[0;34m    select
?[0m?[0;34m        nextval ('hibernate_sequence')
?[0m?[0;34mHibernate: 
?[0m?[0;34m    insert 
?[0m?[0;34m    into
?[0m?[0;34m        recipes
?[0m?[0;34m        (category, date, description, name, user_person, id) 
?[0m?[0;34m    values
?[0m?[0;34m        (?, ?, ?, ?, ?, ?)
?[0m?[0;34mHibernate: 
?[0m?[0;34m    insert 
?[0m?[0;34m    into
?[0m?[0;34m        recipe_directions
?[0m?[0;34m        (recipe_id, directions) 
?[0m?[0;34m    values
?[0m?[0;34m        (?, ?)
?[0m?[0;34mHibernate: 
?[0m?[0;34m    insert 
?[0m?[0;34m    into
?[0m?[0;34m        recipe_directions
?[0m?[0;34m        (recipe_id, directions) 
?[0m?[0;34m    values
?[0m?[0;34m        (?, ?)
?[0m?[0;34mHibernate: 
?[0m?[0;34m    insert 
?[0m?[0;34m    into
?[0m?[0;34m        recipe_directions
?[0m?[0;34m        (recipe_id, directions) 
?[0m?[0;34m    values
?[0m?[0;34m        (?, ?)
?[0m?[0;34mHibernate: 
?[0m?[0;34m    insert 
?[0m?[0;34m    into
?[0m?[0;34m        recipe_directions
?[0m?[0;34m        (recipe_id, directions) 
?[0m?[0;34m    values
?[0m?[0;34m        (?, ?)
?[0m?[0;34mHibernate: 
?[0m?[0;34m    insert 
?[0m?[0;34m    into
?[0m?[0;34m        recipe_directions
?[0m?[0;34m        (recipe_id, directions) 
?[0m?[0;34m    values
?[0m?[0;34m        (?, ?)
?[0m?[0;34mHibernate: 
?[0m?[0;34m    insert 
?[0m?[0;34m    into
?[0m?[0;34m        recipe_ingredients
?[0m?[0;34m        (recipe_id, ingredients) 
?[0m?[0;34m    values
?[0m?[0;34m        (?, ?)
?[0m?[0;34mHibernate: 
?[0m?[0;34m    insert 
?[0m?[0;34m    into
?[0m?[0;34m        recipe_ingredients
?[0m?[0;34m        (recipe_id, ingredients) 
?[0m?[0;34m    values
?[0m?[0;34m        (?, ?)
?[0m?[0;34mHibernate: 
?[0m?[0;34m    insert 
?[0m?[0;34m    into
?[0m?[0;34m        recipe_ingredients
?[0m?[0;34m        (recipe_id, ingredients) 
?[0m?[0;34m    values
?[0m?[0;34m        (?, ?)
?[1;31m
Start test 65?[0m
?[0;34mHibernate: 
?[0m?[0;34m    select
?[0m?[0;34m        user0_.email as email1_3_,
?[0m?[0;34m        user0_.password as password2_3_,
?[0m?[0;34m        user0_.role as role3_3_ 
?[0m?[0;34m    from
?[0m?[0;34m        users user0_ 
?[0m?[0;34m    where
?[0m?[0;34m        user0_.email=?
?[0m?[0;34mHibernate: 
?[0m?[0;34m    select
?[0m?[0;34m        recipe0_.id as id1_2_0_,
?[0m?[0;34m        recipe0_.category as category2_2_0_,
?[0m?[0;34m        recipe0_.date as date3_2_0_,
?[0m?[0;34m        recipe0_.description as descript4_2_0_,
?[0m?[0;34m        recipe0_.name as name5_2_0_,
?[0m?[0;34m        recipe0_.user_person as user_per6_2_0_ 
?[0m?[0;34m    from
?[0m?[0;34m        recipes recipe0_ 
?[0m?[0;34m    where
?[0m?[0;34m        recipe0_.id=?
?[0m?[0;34mHibernate: 
?[0m?[0;34m    select
?[0m?[0;34m        ingredient0_.recipe_id as recipe_i1_1_0_,
?[0m?[0;34m        ingredient0_.ingredients as ingredie2_1_0_ 
?[0m?[0;34m    from
?[0m?[0;34m        recipe_ingredients ingredient0_ 
?[0m?[0;34m    where
?[0m?[0;34m        ingredient0_.recipe_id=?
?[0m?[0;34mHibernate: 
?[0m?[0;34m    select
?[0m?[0;34m        directions0_.recipe_id as recipe_i1_0_0_,
?[0m?[0;34m        directions0_.directions as directio2_0_0_ 
?[0m?[0;34m    from
?[0m?[0;34m        recipe_directions directions0_ 
?[0m?[0;34m    where
?[0m?[0;34m        directions0_.recipe_id=?
?[1;31m
Start test 66?[0m
?[0;34mHibernate: 
?[0m?[0;34m    select
?[0m?[0;34m        user0_.email as email1_3_,
?[0m?[0;34m        user0_.password as password2_3_,
?[0m?[0;34m        user0_.role as role3_3_ 
?[0m?[0;34m    from
?[0m?[0;34m        users user0_ 
?[0m?[0;34m    where
?[0m?[0;34m        user0_.email=?
?[0m?[0;34mHibernate: 
?[0m?[0;34m    select
?[0m?[0;34m        recipe0_.id as id1_2_,
?[0m?[0;34m        recipe0_.category as category2_2_,
?[0m?[0;34m        recipe0_.date as date3_2_,
?[0m?[0;34m        recipe0_.description as descript4_2_,
?[0m?[0;34m        recipe0_.name as name5_2_,
?[0m?[0;34m        recipe0_.user_person as user_per6_2_ 
?[0m?[0;34m    from
?[0m?[0;34m        recipes recipe0_ 
?[0m?[0;34m    where
?[0m?[0;34m        upper(recipe0_.category)=upper(?) 
?[0m?[0;34m    order by
?[0m?[0;34m        recipe0_.date desc
?[0m?[0;34mHibernate: 
?[0m?[0;34m    select
?[0m?[0;34m        ingredient0_.recipe_id as recipe_i1_1_0_,
?[0m?[0;34m        ingredient0_.ingredients as ingredie2_1_0_ 
?[0m?[0;34m    from
?[0m?[0;34m        recipe_ingredients ingredient0_ 
?[0m?[0;34m    where
?[0m?[0;34m        ingredient0_.recipe_id=?
?[0m?[0;34mHibernate: 
?[0m?[0;34m    select
?[0m?[0;34m        directions0_.recipe_id as recipe_i1_0_0_,
?[0m?[0;34m        directions0_.directions as directio2_0_0_ 
?[0m?[0;34m    from
?[0m?[0;34m        recipe_directions directions0_ 
?[0m?[0;34m    where
?[0m?[0;34m        directions0_.recipe_id=?
?[0m?[0;34mHibernate: 
?[0m?[0;34m    select
?[0m?[0;34m        ingredient0_.recipe_id as recipe_i1_1_0_,
?[0m?[0;34m        ingredient0_.ingredients as ingredie2_1_0_ 
?[0m?[0;34m    from
?[0m?[0;34m        recipe_ingredients ingredient0_ 
?[0m?[0;34m    where
?[0m?[0;34m        ingredient0_.recipe_id=?
?[0m?[0;34mHibernate: 
?[0m?[0;34m    select
?[0m?[0;34m        directions0_.recipe_id as recipe_i1_0_0_,
?[0m?[0;34m        directions0_.directions as directio2_0_0_ 
?[0m?[0;34m    from
?[0m?[0;34m        recipe_directions directions0_ 
?[0m?[0;34m    where
?[0m?[0;34m        directions0_.recipe_id=?
?[0m?[0;34mHibernate: 
?[0m?[0;34m    select
?[0m?[0;34m        ingredient0_.recipe_id as recipe_i1_1_0_,
?[0m?[0;34m        ingredient0_.ingredients as ingredie2_1_0_ 
?[0m?[0;34m    from
?[0m?[0;34m        recipe_ingredients ingredient0_ 
?[0m?[0;34m    where
?[0m?[0;34m        ingredient0_.recipe_id=?
?[0m?[0;34mHibernate: 
?[0m?[0;34m    select
?[0m?[0;34m        directions0_.recipe_id as recipe_i1_0_0_,
?[0m?[0;34m        directions0_.directions as directio2_0_0_ 
?[0m?[0;34m    from
?[0m?[0;34m        recipe_directions directions0_ 
?[0m?[0;34m    where
?[0m?[0;34m        directions0_.recipe_id=?
?[0m?[0;34mHibernate: 
?[0m?[0;34m    select
?[0m?[0;34m        ingredient0_.recipe_id as recipe_i1_1_0_,
?[0m?[0;34m        ingredient0_.ingredients as ingredie2_1_0_ 
?[0m?[0;34m    from
?[0m?[0;34m        recipe_ingredients ingredient0_ 
?[0m?[0;34m    where
?[0m?[0;34m        ingredient0_.recipe_id=?
?[0m?[0;34mHibernate: 
?[0m?[0;34m    select
?[0m?[0;34m        directions0_.recipe_id as recipe_i1_0_0_,
?[0m?[0;34m        directions0_.directions as directio2_0_0_ 
?[0m?[0;34m    from
?[0m?[0;34m        recipe_directions directions0_ 
?[0m?[0;34m    where
?[0m?[0;34m        directions0_.recipe_id=?
?[0m?[0;34mHibernate: 
?[0m?[0;34m    select
?[0m?[0;34m        ingredient0_.recipe_id as recipe_i1_1_0_,
?[0m?[0;34m        ingredient0_.ingredients as ingredie2_1_0_ 
?[0m?[0;34m    from
?[0m?[0;34m        recipe_ingredients ingredient0_ 
?[0m?[0;34m    where
?[0m?[0;34m        ingredient0_.recipe_id=?
?[0m?[0;34mHibernate: 
?[0m?[0;34m    select
?[0m?[0;34m        directions0_.recipe_id as recipe_i1_0_0_,
?[0m?[0;34m        directions0_.directions as directio2_0_0_ 
?[0m?[0;34m    from
?[0m?[0;34m        recipe_directions directions0_ 
?[0m?[0;34m    where
?[0m?[0;34m        directions0_.recipe_id=?
?[0m?[0;34mHibernate: 
?[0m?[0;34m    select
?[0m?[0;34m        ingredient0_.recipe_id as recipe_i1_1_0_,
?[0m?[0;34m        ingredient0_.ingredients as ingredie2_1_0_ 
?[0m?[0;34m    from
?[0m?[0;34m        recipe_ingredients ingredient0_ 
?[0m?[0;34m    where
?[0m?[0;34m        ingredient0_.recipe_id=?
?[0m?[0;34mHibernate: 
?[0m?[0;34m    select
?[0m?[0;34m        directions0_.recipe_id as recipe_i1_0_0_,
?[0m?[0;34m        directions0_.directions as directio2_0_0_ 
?[0m?[0;34m    from
?[0m?[0;34m        recipe_directions directions0_ 
?[0m?[0;34m    where
?[0m?[0;34m        directions0_.recipe_id=?
?[0m?[0;34mHibernate: 
?[0m?[0;34m    select
?[0m?[0;34m        ingredient0_.recipe_id as recipe_i1_1_0_,
?[0m?[0;34m        ingredient0_.ingredients as ingredie2_1_0_ 
?[0m?[0;34m    from
?[0m?[0;34m        recipe_ingredients ingredient0_ 
?[0m?[0;34m    where
?[0m?[0;34m        ingredient0_.recipe_id=?
?[0m?[0;34mHibernate: 
?[0m?[0;34m    select
?[0m?[0;34m        directions0_.recipe_id as recipe_i1_0_0_,
?[0m?[0;34m        directions0_.directions as directio2_0_0_ 
?[0m?[0;34m    from
?[0m?[0;34m        recipe_directions directions0_ 
?[0m?[0;34m    where
?[0m?[0;34m        directions0_.recipe_id=?
?[1;31m
Start test 67?[0m
?[0;34mHibernate: 
?[0m?[0;34m    select
?[0m?[0;34m        user0_.email as email1_3_,
?[0m?[0;34m        user0_.password as password2_3_,
?[0m?[0;34m        user0_.role as role3_3_ 
?[0m?[0;34m    from
?[0m?[0;34m        users user0_ 
?[0m?[0;34m    where
?[0m?[0;34m        user0_.email=?
?[0m?[0;34mHibernate: 
?[0m?[0;34m    select
?[0m?[0;34m        recipe0_.id as id1_2_,
?[0m?[0;34m        recipe0_.category as category2_2_,
?[0m?[0;34m        recipe0_.date as date3_2_,
?[0m?[0;34m        recipe0_.description as descript4_2_,
?[0m?[0;34m        recipe0_.name as name5_2_,
?[0m?[0;34m        recipe0_.user_person as user_per6_2_ 
?[0m?[0;34m    from
?[0m?[0;34m        recipes recipe0_ 
?[0m?[0;34m    where
?[0m?[0;34m        upper(recipe0_.name) like upper(?) escape ? 
?[0m?[0;34m    order by
?[0m?[0;34m        recipe0_.date desc
?[0m?[0;34mHibernate: 
?[0m?[0;34m    select
?[0m?[0;34m        ingredient0_.recipe_id as recipe_i1_1_0_,
?[0m?[0;34m        ingredient0_.ingredients as ingredie2_1_0_ 
?[0m?[0;34m    from
?[0m?[0;34m        recipe_ingredients ingredient0_ 
?[0m?[0;34m    where
?[0m?[0;34m        ingredient0_.recipe_id=?
?[0m?[0;34mHibernate: 
?[0m?[0;34m    select
?[0m?[0;34m        directions0_.recipe_id as recipe_i1_0_0_,
?[0m?[0;34m        directions0_.directions as directio2_0_0_ 
?[0m?[0;34m    from
?[0m?[0;34m        recipe_directions directions0_ 
?[0m?[0;34m    where
?[0m?[0;34m        directions0_.recipe_id=?
?[0m?[0;34mHibernate: 
?[0m?[0;34m    select
?[0m?[0;34m        ingredient0_.recipe_id as recipe_i1_1_0_,
?[0m?[0;34m        ingredient0_.ingredients as ingredie2_1_0_ 
?[0m?[0;34m    from
?[0m?[0;34m        recipe_ingredients ingredient0_ 
?[0m?[0;34m    where
?[0m?[0;34m        ingredient0_.recipe_id=?
?[0m?[0;34mHibernate: 
?[0m?[0;34m    select
?[0m?[0;34m        directions0_.recipe_id as recipe_i1_0_0_,
?[0m?[0;34m        directions0_.directions as directio2_0_0_ 
?[0m?[0;34m    from
?[0m?[0;34m        recipe_directions directions0_ 
?[0m?[0;34m    where
?[0m?[0;34m        directions0_.recipe_id=?
?[0m?[0;34mHibernate: 
?[0m?[0;34m    select
?[0m?[0;34m        ingredient0_.recipe_id as recipe_i1_1_0_,
?[0m?[0;34m        ingredient0_.ingredients as ingredie2_1_0_ 
?[0m?[0;34m    from
?[0m?[0;34m        recipe_ingredients ingredient0_ 
?[0m?[0;34m    where
?[0m?[0;34m        ingredient0_.recipe_id=?
?[0m?[0;34mHibernate: 
?[0m?[0;34m    select
?[0m?[0;34m        directions0_.recipe_id as recipe_i1_0_0_,
?[0m?[0;34m        directions0_.directions as directio2_0_0_ 
?[0m?[0;34m    from
?[0m?[0;34m        recipe_directions directions0_ 
?[0m?[0;34m    where
?[0m?[0;34m        directions0_.recipe_id=?
?[0m?[0;34mHibernate: 
?[0m?[0;34m    select
?[0m?[0;34m        ingredient0_.recipe_id as recipe_i1_1_0_,
?[0m?[0;34m        ingredient0_.ingredients as ingredie2_1_0_ 
?[0m?[0;34m    from
?[0m?[0;34m        recipe_ingredients ingredient0_ 
?[0m?[0;34m    where
?[0m?[0;34m        ingredient0_.recipe_id=?
?[0m?[0;34mHibernate: 
?[0m?[0;34m    select
?[0m?[0;34m        directions0_.recipe_id as recipe_i1_0_0_,
?[0m?[0;34m        directions0_.directions as directio2_0_0_ 
?[0m?[0;34m    from
?[0m?[0;34m        recipe_directions directions0_ 
?[0m?[0;34m    where
?[0m?[0;34m        directions0_.recipe_id=?
?[0m?[0;34mHibernate: 
?[0m?[0;34m    select
?[0m?[0;34m        ingredient0_.recipe_id as recipe_i1_1_0_,
?[0m?[0;34m        ingredient0_.ingredients as ingredie2_1_0_ 
?[0m?[0;34m    from
?[0m?[0;34m        recipe_ingredients ingredient0_ 
?[0m?[0;34m    where
?[0m?[0;34m        ingredient0_.recipe_id=?
?[0m?[0;34mHibernate: 
?[0m?[0;34m    select
?[0m?[0;34m        directions0_.recipe_id as recipe_i1_0_0_,
?[0m?[0;34m        directions0_.directions as directio2_0_0_ 
?[0m?[0;34m    from
?[0m?[0;34m        recipe_directions directions0_ 
?[0m?[0;34m    where
?[0m?[0;34m        directions0_.recipe_id=?
?[0m?[0;34mHibernate: 
?[0m?[0;34m    select
?[0m?[0;34m        ingredient0_.recipe_id as recipe_i1_1_0_,
?[0m?[0;34m        ingredient0_.ingredients as ingredie2_1_0_ 
?[0m?[0;34m    from
?[0m?[0;34m        recipe_ingredients ingredient0_ 
?[0m?[0;34m    where
?[0m?[0;34m        ingredient0_.recipe_id=?
?[0m?[0;34mHibernate: 
?[0m?[0;34m    select
?[0m?[0;34m        directions0_.recipe_id as recipe_i1_0_0_,
?[0m?[0;34m        directions0_.directions as directio2_0_0_ 
?[0m?[0;34m    from
?[0m?[0;34m        recipe_directions directions0_ 
?[0m?[0;34m    where
?[0m?[0;34m        directions0_.recipe_id=?
?[1;31m
Start test 68?[0m
?[0;34mHibernate: 
?[0m?[0;34m    select
?[0m?[0;34m        user0_.email as email1_3_,
?[0m?[0;34m        user0_.password as password2_3_,
?[0m?[0;34m        user0_.role as role3_3_ 
?[0m?[0;34m    from
?[0m?[0;34m        users user0_ 
?[0m?[0;34m    where
?[0m?[0;34m        user0_.email=?
?[0m?[0;34mHibernate: 
?[0m?[0;34m    select
?[0m?[0;34m        count(*) as col_0_0_ 
?[0m?[0;34m    from
?[0m?[0;34m        recipes recipe0_ 
?[0m?[0;34m    where
?[0m?[0;34m        recipe0_.id=?
?[0m?[0;34mHibernate: 
?[0m?[0;34m    select
?[0m?[0;34m        recipe0_.id as id1_2_0_,
?[0m?[0;34m        recipe0_.category as category2_2_0_,
?[0m?[0;34m        recipe0_.date as date3_2_0_,
?[0m?[0;34m        recipe0_.description as descript4_2_0_,
?[0m?[0;34m        recipe0_.name as name5_2_0_,
?[0m?[0;34m        recipe0_.user_person as user_per6_2_0_ 
?[0m?[0;34m    from
?[0m?[0;34m        recipes recipe0_ 
?[0m?[0;34m    where
?[0m?[0;34m        recipe0_.id=?
?[1;31m
Start test 69?[0m
?[0;34mHibernate: 
?[0m?[0;34m    select
?[0m?[0;34m        user0_.email as email1_3_,
?[0m?[0;34m        user0_.password as password2_3_,
?[0m?[0;34m        user0_.role as role3_3_ 
?[0m?[0;34m    from
?[0m?[0;34m        users user0_ 
?[0m?[0;34m    where
?[0m?[0;34m        user0_.email=?
?[0m?[0;34mHibernate: 
?[0m?[0;34m    select
?[0m?[0;34m        count(*) as col_0_0_ 
?[0m?[0;34m    from
?[0m?[0;34m        recipes recipe0_ 
?[0m?[0;34m    where
?[0m?[0;34m        recipe0_.id=?
?[0m?[0;34mHibernate: 
?[0m?[0;34m    select
?[0m?[0;34m        recipe0_.id as id1_2_0_,
?[0m?[0;34m        recipe0_.category as category2_2_0_,
?[0m?[0;34m        recipe0_.date as date3_2_0_,
?[0m?[0;34m        recipe0_.description as descript4_2_0_,
?[0m?[0;34m        recipe0_.name as name5_2_0_,
?[0m?[0;34m        recipe0_.user_person as user_per6_2_0_ 
?[0m?[0;34m    from
?[0m?[0;34m        recipes recipe0_ 
?[0m?[0;34m    where
?[0m?[0;34m        recipe0_.id=?
?[1;31m
Start test 70?[0m
?[0m?[0;34mHibernate: 
?[0m?[0;34m    select
?[0m?[0;34m        user0_.email as email1_3_,
?[0m?[0;34m        user0_.password as password2_3_,
?[0m?[0;34m        user0_.role as role3_3_ 
?[0m?[0;34m    from
?[0m?[0;34m        users user0_ 
?[0m?[0;34m    where
?[0m?[0;34m        user0_.email=?
?[1;31m
Start test 71?[0m
?[0;34mHibernate: 
?[0m?[0;34m    select
?[0m?[0;34m        user0_.email as email1_3_,
?[0m?[0;34m        user0_.password as password2_3_,
?[0m?[0;34m        user0_.role as role3_3_ 
?[0m?[0;34m    from
?[0m?[0;34m        users user0_ 
?[0m?[0;34m    where
?[0m?[0;34m        user0_.email=?
?[1;31m
Start test 72?[0m
?[0m?[0;34mHibernate: 
?[0m?[0;34m    select
?[0m?[0;34m        user0_.email as email1_3_,
?[0m?[0;34m        user0_.password as password2_3_,
?[0m?[0;34m        user0_.role as role3_3_ 
?[0m?[0;34m    from
?[0m?[0;34m        users user0_ 
?[0m?[0;34m    where
?[0m?[0;34m        user0_.email=?
?[1;31m
Start test 73?[0m
?[0m?[0;34mHibernate: 
?[0m?[0;34m    select
?[0m?[0;34m        user0_.email as email1_3_,
?[0m?[0;34m        user0_.password as password2_3_,
?[0m?[0;34m        user0_.role as role3_3_ 
?[0m?[0;34m    from
?[0m?[0;34m        users user0_ 
?[0m?[0;34m    where
?[0m?[0;34m        user0_.email=?
?[1;31m
Start test 74?[0m
?[0;34mHibernate: 
?[0m?[0;34m    select
?[0m?[0;34m        user0_.email as email1_3_,
?[0m?[0;34m        user0_.password as password2_3_,
?[0m?[0;34m        user0_.role as role3_3_ 
?[0m?[0;34m    from
?[0m?[0;34m        users user0_ 
?[0m?[0;34m    where
?[0m?[0;34m        user0_.email=?
?[1;31m
Start test 75?[0m
?[0m?[0;34mHibernate: 
?[0m?[0;34m    select
?[0m?[0;34m        user0_.email as email1_3_,
?[0m?[0;34m        user0_.password as password2_3_,
?[0m?[0;34m        user0_.role as role3_3_ 
?[0m?[0;34m    from
?[0m?[0;34m        users user0_ 
?[0m?[0;34m    where
?[0m?[0;34m        user0_.email=?
?[1;31m
Start test 76?[0m
?[1;31m
Start test 77?[0m
?[1;31m
Start test 78?[0m
?[1;31m
Start test 79?[0m
?[1;31m
Start test 80?[0m
?[1;31m
Start test 81?[0m
]]></system-out>
  <system-err><![CDATA[]]></system-err>
</testsuite>
